Arguments: 
  d:\node\node.exe C:\Users\86156\AppData\Roaming\npm\node_modules\yarn\bin\yarn.js dev

PATH: 
  c:\program files (x86)\intel\intel(r) management engine components\icls\;c:\program files\intel\intel(r) management engine components\icls\;c:\windows\system32;c:\windows;c:\windows\system32\wbem;c:\windows\system32\windowspowershell\v1.0\;c:\windows\system32\openssh\;c:\program files (x86)\nvidia corporation\physx\common;c:\program files (x86)\intel\intel(r) management engine components\dal;c:\program files\intel\intel(r) management engine components\dal;c:\program files\nvidia corporation\nvidia nvdlisr;D:\Go\bin;d:\git\cmd;C:\WINDOWS\system32;C:\WINDOWS;C:\WINDOWS\system32\wbem;C:\WINDOWS\system32\windowspowershell\v1.0\;C:\WINDOWS\system32\openssh\;d:\node\;D:\java/jdk\bin;D:\java/jdk\jre\bin;D:\B\apache-tomcat-8.5.43\bin;"D:\B\apache-tomcat-8.5.43\bin;";D:\B\apache-maven-3.6.1\bin;D:\A\bin\win32;D:\mongo\bin;D:\mysql\mysql-8.0.21-winx64\bin;D:\Ruby26-x64\bin;C:\Users\86156\AppData\Local\Microsoft\WindowsApps;D:\Go\bin;C:\Users\86156\AppData\Roaming\npm;D:\Microsoft VS Code\bin;D:.mysql\mysql-8.0.21-winx64\bin;

Yarn version: 
  1.22.4

Node version: 
  12.16.1

Platform: 
  win32 x64

Trace: 
  TypeError [ERR_INVALID_ARG_TYPE]: The "path" argument must be of type string. Received [Object: null prototype]
      at validateString (internal/validators.js:117:11)
      at Object.isAbsolute (path.js:353:5)
      at module.exports.exports.default (C:\Users\86156\AppData\Roaming\npm\node_modules\yarn\lib\cli.js:101023:16)
      at C:\Users\86156\AppData\Roaming\npm\node_modules\yarn\lib\cli.js:51524:63
      at Generator.next (<anonymous>)
      at step (C:\Users\86156\AppData\Roaming\npm\node_modules\yarn\lib\cli.js:310:30)
      at C:\Users\86156\AppData\Roaming\npm\node_modules\yarn\lib\cli.js:321:13

npm manifest: 
  {
    "name": "qinfenfeng",
    "version": "1.0.0",
    "main": "index.js",
    "author": "fy",
    "license": "MIT",
    "devDependencies": {
      "css-loader": "^4.3.0",
      "html-webpack-plugin": "^4.5.0",
      "node-sass": "^4.14.1",
      "sass-loader": "^10.0.2",
      "style-loader": "^1.2.1",
      "scripts": {
        "webpack": "webpack --config webapack.config.js --progress --display--modules --colors --dispaly-reason",
        "dev": "webpack-dev-server"
      }
    }
  }

yarn manifest: 
  No manifest

Lockfile: 
  # THIS IS AN AUTOGENERATED FILE. DO NOT EDIT THIS FILE DIRECTLY.
  # yarn lockfile v1
  
  
  "@types/anymatch@*":
    version "1.3.1"
    resolved "https://registry.npm.taobao.org/@types/anymatch/download/@types/anymatch-1.3.1.tgz#336badc1beecb9dacc38bea2cf32adf627a8421a"
    integrity sha1-M2utwb7sudrMOL6izzKt9ieoQho=
  
  "@types/html-minifier-terser@^5.0.0":
    version "5.1.1"
    resolved "https://registry.npm.taobao.org/@types/html-minifier-terser/download/@types/html-minifier-terser-5.1.1.tgz#3c9ee980f1a10d6021ae6632ca3e79ca2ec4fb50"
    integrity sha1-PJ7pgPGhDWAhrmYyyj55yi7E+1A=
  
  "@types/json-schema@^7.0.5":
    version "7.0.6"
    resolved "https://registry.npm.taobao.org/@types/json-schema/download/@types/json-schema-7.0.6.tgz#f4c7ec43e81b319a9815115031709f26987891f0"
    integrity sha1-9MfsQ+gbMZqYFRFQMXCfJph4kfA=
  
  "@types/node@*":
    version "14.11.2"
    resolved "https://registry.npm.taobao.org/@types/node/download/@types/node-14.11.2.tgz#2de1ed6670439387da1c9f549a2ade2b0a799256"
    integrity sha1-LeHtZnBDk4faHJ9UmireKwp5klY=
  
  "@types/source-list-map@*":
    version "0.1.2"
    resolved "https://registry.npm.taobao.org/@types/source-list-map/download/@types/source-list-map-0.1.2.tgz?cache=0&sync_timestamp=1596840828354&other_urls=https%3A%2F%2Fregistry.npm.taobao.org%2F%40types%2Fsource-list-map%2Fdownload%2F%40types%2Fsource-list-map-0.1.2.tgz#0078836063ffaf17412349bba364087e0ac02ec9"
    integrity sha1-AHiDYGP/rxdBI0m7o2QIfgrALsk=
  
  "@types/tapable@*", "@types/tapable@^1.0.5":
    version "1.0.6"
    resolved "https://registry.npm.taobao.org/@types/tapable/download/@types/tapable-1.0.6.tgz#a9ca4b70a18b270ccb2bc0aaafefd1d486b7ea74"
    integrity sha1-qcpLcKGLJwzLK8Cqr+/R1Ia36nQ=
  
  "@types/uglify-js@*":
    version "3.9.3"
    resolved "https://registry.npm.taobao.org/@types/uglify-js/download/@types/uglify-js-3.9.3.tgz#d94ed608e295bc5424c9600e6b8565407b6b4b6b"
    integrity sha1-2U7WCOKVvFQkyWAOa4VlQHtrS2s=
    dependencies:
      source-map "^0.6.1"
  
  "@types/webpack-sources@*":
    version "1.4.2"
    resolved "https://registry.npm.taobao.org/@types/webpack-sources/download/@types/webpack-sources-1.4.2.tgz#5d3d4dea04008a779a90135ff96fb5c0c9e6292c"
    integrity sha1-XT1N6gQAineakBNf+W+1wMnmKSw=
    dependencies:
      "@types/node" "*"
      "@types/source-list-map" "*"
      source-map "^0.7.3"
  
  "@types/webpack@^4.41.8":
    version "4.41.22"
    resolved "https://registry.npm.taobao.org/@types/webpack/download/@types/webpack-4.41.22.tgz?cache=0&sync_timestamp=1599079098431&other_urls=https%3A%2F%2Fregistry.npm.taobao.org%2F%40types%2Fwebpack%2Fdownload%2F%40types%2Fwebpack-4.41.22.tgz#ff9758a17c6bd499e459b91e78539848c32d0731"
    integrity sha1-/5dYoXxr1JnkWbkeeFOYSMMtBzE=
    dependencies:
      "@types/anymatch" "*"
      "@types/node" "*"
      "@types/tapable" "*"
      "@types/uglify-js" "*"
      "@types/webpack-sources" "*"
      source-map "^0.6.0"
  
  abbrev@1:
    version "1.1.1"
    resolved "https://registry.npm.taobao.org/abbrev/download/abbrev-1.1.1.tgz#f8f2c887ad10bf67f634f005b6987fed3179aac8"
    integrity sha1-+PLIh60Qv2f2NPAFtph/7TF5qsg=
  
  ajv-keywords@^3.5.2:
    version "3.5.2"
    resolved "https://registry.npm.taobao.org/ajv-keywords/download/ajv-keywords-3.5.2.tgz?cache=0&sync_timestamp=1595907059959&other_urls=https%3A%2F%2Fregistry.npm.taobao.org%2Fajv-keywords%2Fdownload%2Fajv-keywords-3.5.2.tgz#31f29da5ab6e00d1c2d329acf7b5929614d5014d"
    integrity sha1-MfKdpatuANHC0yms97WSlhTVAU0=
  
  ajv@^6.12.3, ajv@^6.12.4:
    version "6.12.5"
    resolved "https://registry.npm.taobao.org/ajv/download/ajv-6.12.5.tgz?cache=0&sync_timestamp=1600887328129&other_urls=https%3A%2F%2Fregistry.npm.taobao.org%2Fajv%2Fdownload%2Fajv-6.12.5.tgz#19b0e8bae8f476e5ba666300387775fb1a00a4da"
    integrity sha1-GbDouuj0duW6ZmMAOHd1+xoApNo=
    dependencies:
      fast-deep-equal "^3.1.1"
      fast-json-stable-stringify "^2.0.0"
      json-schema-traverse "^0.4.1"
      uri-js "^4.2.2"
  
  amdefine@>=0.0.4:
    version "1.0.1"
    resolved "https://registry.npm.taobao.org/amdefine/download/amdefine-1.0.1.tgz#4a5282ac164729e93619bcfd3ad151f817ce91f5"
    integrity sha1-SlKCrBZHKek2Gbz9OtFR+BfOkfU=
  
  ansi-regex@^2.0.0:
    version "2.1.1"
    resolved "https://registry.npm.taobao.org/ansi-regex/download/ansi-regex-2.1.1.tgz#c3b33ab5ee360d86e0e628f0468ae7ef27d654df"
    integrity sha1-w7M6te42DYbg5ijwRorn7yfWVN8=
  
  ansi-regex@^3.0.0:
    version "3.0.0"
    resolved "https://registry.npm.taobao.org/ansi-regex/download/ansi-regex-3.0.0.tgz#ed0317c322064f79466c02966bddb605ab37d998"
    integrity sha1-7QMXwyIGT3lGbAKWa922Bas32Zg=
  
  ansi-regex@^4.1.0:
    version "4.1.0"
    resolved "https://registry.npm.taobao.org/ansi-regex/download/ansi-regex-4.1.0.tgz#8b9f8f08cf1acb843756a839ca8c7e3168c51997"
    integrity sha1-i5+PCM8ay4Q3Vqg5yox+MWjFGZc=
  
  ansi-styles@^2.2.1:
    version "2.2.1"
    resolved "https://registry.npm.taobao.org/ansi-styles/download/ansi-styles-2.2.1.tgz#b432dd3358b634cf75e1e4664368240533c1ddbe"
    integrity sha1-tDLdM1i2NM914eRmQ2gkBTPB3b4=
  
  ansi-styles@^3.2.0, ansi-styles@^3.2.1:
    version "3.2.1"
    resolved "https://registry.npm.taobao.org/ansi-styles/download/ansi-styles-3.2.1.tgz#41fbb20243e50b12be0f04b8dedbf07520ce841d"
    integrity sha1-QfuyAkPlCxK+DwS43tvwdSDOhB0=
    dependencies:
      color-convert "^1.9.0"
  
  aproba@^1.0.3:
    version "1.2.0"
    resolved "https://registry.npm.taobao.org/aproba/download/aproba-1.2.0.tgz#6802e6264efd18c790a1b0d517f0f2627bf2c94a"
    integrity sha1-aALmJk79GMeQobDVF/DyYnvyyUo=
  
  are-we-there-yet@~1.1.2:
    version "1.1.5"
    resolved "https://registry.npm.taobao.org/are-we-there-yet/download/are-we-there-yet-1.1.5.tgz#4b35c2944f062a8bfcda66410760350fe9ddfc21"
    integrity sha1-SzXClE8GKov82mZBB2A1D+nd/CE=
    dependencies:
      delegates "^1.0.0"
      readable-stream "^2.0.6"
  
  array-find-index@^1.0.1:
    version "1.0.2"
    resolved "https://registry.npm.taobao.org/array-find-index/download/array-find-index-1.0.2.tgz#df010aa1287e164bbda6f9723b0a96a1ec4187a1"
    integrity sha1-3wEKoSh+Fku9pvlyOwqWoexBh6E=
  
  asn1@~0.2.3:
    version "0.2.4"
    resolved "https://registry.npm.taobao.org/asn1/download/asn1-0.2.4.tgz#8d2475dfab553bb33e77b54e59e880bb8ce23136"
    integrity sha1-jSR136tVO7M+d7VOWeiAu4ziMTY=
    dependencies:
      safer-buffer "~2.1.0"
  
  assert-plus@1.0.0, assert-plus@^1.0.0:
    version "1.0.0"
    resolved "https://registry.npm.taobao.org/assert-plus/download/assert-plus-1.0.0.tgz#f12e0f3c5d77b0b1cdd9146942e4e96c1e4dd525"
    integrity sha1-8S4PPF13sLHN2RRpQuTpbB5N1SU=
  
  async-foreach@^0.1.3:
    version "0.1.3"
    resolved "https://registry.npm.taobao.org/async-foreach/download/async-foreach-0.1.3.tgz#36121f845c0578172de419a97dbeb1d16ec34542"
    integrity sha1-NhIfhFwFeBct5Bmpfb6x0W7DRUI=
  
  asynckit@^0.4.0:
    version "0.4.0"
    resolved "https://registry.npm.taobao.org/asynckit/download/asynckit-0.4.0.tgz#c79ed97f7f34cb8f2ba1bc9790bcc366474b4b79"
    integrity sha1-x57Zf380y48robyXkLzDZkdLS3k=
  
  aws-sign2@~0.7.0:
    version "0.7.0"
    resolved "https://registry.npm.taobao.org/aws-sign2/download/aws-sign2-0.7.0.tgz#b46e890934a9591f2d2f6f86d7e6a9f1b3fe76a8"
    integrity sha1-tG6JCTSpWR8tL2+G1+ap8bP+dqg=
  
  aws4@^1.8.0:
    version "1.10.1"
    resolved "https://registry.npm.taobao.org/aws4/download/aws4-1.10.1.tgz?cache=0&sync_timestamp=1597236947743&other_urls=https%3A%2F%2Fregistry.npm.taobao.org%2Faws4%2Fdownload%2Faws4-1.10.1.tgz#e1e82e4f3e999e2cfd61b161280d16a111f86428"
    integrity sha1-4eguTz6Zniz9YbFhKA0WoRH4ZCg=
  
  balanced-match@^1.0.0:
    version "1.0.0"
    resolved "https://registry.npm.taobao.org/balanced-match/download/balanced-match-1.0.0.tgz#89b4d199ab2bee49de164ea02b89ce462d71b767"
    integrity sha1-ibTRmasr7kneFk6gK4nORi1xt2c=
  
  bcrypt-pbkdf@^1.0.0:
    version "1.0.2"
    resolved "https://registry.npm.taobao.org/bcrypt-pbkdf/download/bcrypt-pbkdf-1.0.2.tgz#a4301d389b6a43f9b67ff3ca11a3f6637e360e9e"
    integrity sha1-pDAdOJtqQ/m2f/PKEaP2Y342Dp4=
    dependencies:
      tweetnacl "^0.14.3"
  
  big.js@^5.2.2:
    version "5.2.2"
    resolved "https://registry.npm.taobao.org/big.js/download/big.js-5.2.2.tgz#65f0af382f578bcdc742bd9c281e9cb2d7768328"
    integrity sha1-ZfCvOC9Xi83HQr2cKB6cstd2gyg=
  
  block-stream@*:
    version "0.0.9"
    resolved "https://registry.npm.taobao.org/block-stream/download/block-stream-0.0.9.tgz#13ebfe778a03205cfe03751481ebb4b3300c126a"
    integrity sha1-E+v+d4oDIFz+A3UUgeu0szAMEmo=
    dependencies:
      inherits "~2.0.0"
  
  boolbase@~1.0.0:
    version "1.0.0"
    resolved "https://registry.npm.taobao.org/boolbase/download/boolbase-1.0.0.tgz#68dff5fbe60c51eb37725ea9e3ed310dcc1e776e"
    integrity sha1-aN/1++YMUes3cl6p4+0xDcwed24=
  
  brace-expansion@^1.1.7:
    version "1.1.11"
    resolved "https://registry.npm.taobao.org/brace-expansion/download/brace-expansion-1.1.11.tgz#3c7fcbf529d87226f3d2f52b966ff5271eb441dd"
    integrity sha1-PH/L9SnYcibz0vUrlm/1Jx60Qd0=
    dependencies:
      balanced-match "^1.0.0"
      concat-map "0.0.1"
  
  buffer-from@^1.0.0:
    version "1.1.1"
    resolved "https://registry.npm.taobao.org/buffer-from/download/buffer-from-1.1.1.tgz#32713bc028f75c02fdb710d7c7bcec1f2c6070ef"
    integrity sha1-MnE7wCj3XAL9txDXx7zsHyxgcO8=
  
  camel-case@^4.1.1:
    version "4.1.1"
    resolved "https://registry.npm.taobao.org/camel-case/download/camel-case-4.1.1.tgz#1fc41c854f00e2f7d0139dfeba1542d6896fe547"
    integrity sha1-H8QchU8A4vfQE53+uhVC1olv5Uc=
    dependencies:
      pascal-case "^3.1.1"
      tslib "^1.10.0"
  
  camelcase-keys@^2.0.0:
    version "2.1.0"
    resolved "https://registry.npm.taobao.org/camelcase-keys/download/camelcase-keys-2.1.0.tgz#308beeaffdf28119051efa1d932213c91b8f92e7"
    integrity sha1-MIvur/3ygRkFHvodkyITyRuPkuc=
    dependencies:
      camelcase "^2.0.0"
      map-obj "^1.0.0"
  
  camelcase@^2.0.0:
    version "2.1.1"
    resolved "https://registry.npm.taobao.org/camelcase/download/camelcase-2.1.1.tgz#7c1d16d679a1bbe59ca02cacecfb011e201f5a1f"
    integrity sha1-fB0W1nmhu+WcoCys7PsBHiAfWh8=
  
  camelcase@^5.0.0:
    version "5.3.1"
    resolved "https://registry.npm.taobao.org/camelcase/download/camelcase-5.3.1.tgz#e3c9b31569e106811df242f715725a1f4c494320"
    integrity sha1-48mzFWnhBoEd8kL3FXJaH0xJQyA=
  
  camelcase@^6.0.0:
    version "6.0.0"
    resolved "https://registry.npm.taobao.org/camelcase/download/camelcase-6.0.0.tgz#5259f7c30e35e278f1bdc2a4d91230b37cad981e"
    integrity sha1-Uln3ww414njxvcKk2RIws3ytmB4=
  
  caseless@~0.12.0:
    version "0.12.0"
    resolved "https://registry.npm.taobao.org/caseless/download/caseless-0.12.0.tgz#1b681c21ff84033c826543090689420d187151dc"
    integrity sha1-G2gcIf+EAzyCZUMJBolCDRhxUdw=
  
  chalk@^1.1.1:
    version "1.1.3"
    resolved "https://registry.npm.taobao.org/chalk/download/chalk-1.1.3.tgz#a8115c55e4a702fe4d150abd3872822a7e09fc98"
    integrity sha1-qBFcVeSnAv5NFQq9OHKCKn4J/Jg=
    dependencies:
      ansi-styles "^2.2.1"
      escape-string-regexp "^1.0.2"
      has-ansi "^2.0.0"
      strip-ansi "^3.0.0"
      supports-color "^2.0.0"
  
  chalk@^2.4.2:
    version "2.4.2"
    resolved "https://registry.npm.taobao.org/chalk/download/chalk-2.4.2.tgz#cd42541677a54333cf541a49108c1432b44c9424"
    integrity sha1-zUJUFnelQzPPVBpJEIwUMrRMlCQ=
    dependencies:
      ansi-styles "^3.2.1"
      escape-string-regexp "^1.0.5"
      supports-color "^5.3.0"
  
  clean-css@^4.2.3:
    version "4.2.3"
    resolved "https://registry.npm.taobao.org/clean-css/download/clean-css-4.2.3.tgz#507b5de7d97b48ee53d84adb0160ff6216380f78"
    integrity sha1-UHtd59l7SO5T2ErbAWD/YhY4D3g=
    dependencies:
      source-map "~0.6.0"
  
  cliui@^5.0.0:
    version "5.0.0"
    resolved "https://registry.npm.taobao.org/cliui/download/cliui-5.0.0.tgz#deefcfdb2e800784aa34f46fa08e06851c7bbbc5"
    integrity sha1-3u/P2y6AB4SqNPRvoI4GhRx7u8U=
    dependencies:
      string-width "^3.1.0"
      strip-ansi "^5.2.0"
      wrap-ansi "^5.1.0"
  
  code-point-at@^1.0.0:
    version "1.1.0"
    resolved "https://registry.npm.taobao.org/code-point-at/download/code-point-at-1.1.0.tgz#0d070b4d043a5bea33a2f1a40e2edb3d9a4ccf77"
    integrity sha1-DQcLTQQ6W+ozovGkDi7bPZpMz3c=
  
  color-convert@^1.9.0:
    version "1.9.3"
    resolved "https://registry.npm.taobao.org/color-convert/download/color-convert-1.9.3.tgz#bb71850690e1f136567de629d2d5471deda4c1e8"
    integrity sha1-u3GFBpDh8TZWfeYp0tVHHe2kweg=
    dependencies:
      color-name "1.1.3"
  
  color-name@1.1.3:
    version "1.1.3"
    resolved "https://registry.npm.taobao.org/color-name/download/color-name-1.1.3.tgz#a7d0558bd89c42f795dd42328f740831ca53bc25"
    integrity sha1-p9BVi9icQveV3UIyj3QIMcpTvCU=
  
  combined-stream@^1.0.6, combined-stream@~1.0.6:
    version "1.0.8"
    resolved "https://registry.npm.taobao.org/combined-stream/download/combined-stream-1.0.8.tgz#c3d45a8b34fd730631a110a8a2520682b31d5a7f"
    integrity sha1-w9RaizT9cwYxoRCoolIGgrMdWn8=
    dependencies:
      delayed-stream "~1.0.0"
  
  commander@^2.20.0:
    version "2.20.3"
    resolved "https://registry.npm.taobao.org/commander/download/commander-2.20.3.tgz?cache=0&sync_timestamp=1598576090524&other_urls=https%3A%2F%2Fregistry.npm.taobao.org%2Fcommander%2Fdownload%2Fcommander-2.20.3.tgz#fd485e84c03eb4881c20722ba48035e8531aeb33"
    integrity sha1-/UhehMA+tIgcIHIrpIA16FMa6zM=
  
  commander@^4.1.1:
    version "4.1.1"
    resolved "https://registry.npm.taobao.org/commander/download/commander-4.1.1.tgz?cache=0&sync_timestamp=1598576090524&other_urls=https%3A%2F%2Fregistry.npm.taobao.org%2Fcommander%2Fdownload%2Fcommander-4.1.1.tgz#9fd602bd936294e9e9ef46a3f4d6964044b18068"
    integrity sha1-n9YCvZNilOnp70aj9NaWQESxgGg=
  
  concat-map@0.0.1:
    version "0.0.1"
    resolved "https://registry.npm.taobao.org/concat-map/download/concat-map-0.0.1.tgz#d8a96bd77fd68df7793a73036a3ba0d5405d477b"
    integrity sha1-2Klr13/Wjfd5OnMDajug1UBdR3s=
  
  console-control-strings@^1.0.0, console-control-strings@~1.1.0:
    version "1.1.0"
    resolved "https://registry.npm.taobao.org/console-control-strings/download/console-control-strings-1.1.0.tgz#3d7cf4464db6446ea644bf4b39507f9851008e8e"
    integrity sha1-PXz0Rk22RG6mRL9LOVB/mFEAjo4=
  
  core-util-is@1.0.2, core-util-is@~1.0.0:
    version "1.0.2"
    resolved "https://registry.npm.taobao.org/core-util-is/download/core-util-is-1.0.2.tgz#b5fd54220aa2bc5ab57aab7140c940754503c1a7"
    integrity sha1-tf1UIgqivFq1eqtxQMlAdUUDwac=
  
  cross-spawn@^3.0.0:
    version "3.0.1"
    resolved "https://registry.npm.taobao.org/cross-spawn/download/cross-spawn-3.0.1.tgz#1256037ecb9f0c5f79e3d6ef135e30770184b982"
    integrity sha1-ElYDfsufDF9549bvE14wdwGEuYI=
    dependencies:
      lru-cache "^4.0.1"
      which "^1.2.9"
  
  css-loader@^4.3.0:
    version "4.3.0"
    resolved "https://registry.npm.taobao.org/css-loader/download/css-loader-4.3.0.tgz#c888af64b2a5b2e85462c72c0f4a85c7e2e0821e"
    integrity sha1-yIivZLKlsuhUYscsD0qFx+Lggh4=
    dependencies:
      camelcase "^6.0.0"
      cssesc "^3.0.0"
      icss-utils "^4.1.1"
      loader-utils "^2.0.0"
      postcss "^7.0.32"
      postcss-modules-extract-imports "^2.0.0"
      postcss-modules-local-by-default "^3.0.3"
      postcss-modules-scope "^2.2.0"
      postcss-modules-values "^3.0.0"
      postcss-value-parser "^4.1.0"
      schema-utils "^2.7.1"
      semver "^7.3.2"
  
  css-select@^1.1.0:
    version "1.2.0"
    resolved "https://registry.npm.taobao.org/css-select/download/css-select-1.2.0.tgz?cache=0&sync_timestamp=1601260225338&other_urls=https%3A%2F%2Fregistry.npm.taobao.org%2Fcss-select%2Fdownload%2Fcss-select-1.2.0.tgz#2b3a110539c5355f1cd8d314623e870b121ec858"
    integrity sha1-KzoRBTnFNV8c2NMUYj6HCxIeyFg=
    dependencies:
      boolbase "~1.0.0"
      css-what "2.1"
      domutils "1.5.1"
      nth-check "~1.0.1"
  
  css-what@2.1:
    version "2.1.3"
    resolved "https://registry.npm.taobao.org/css-what/download/css-what-2.1.3.tgz#a6d7604573365fe74686c3f311c56513d88285f2"
    integrity sha1-ptdgRXM2X+dGhsPzEcVlE9iChfI=
  
  cssesc@^3.0.0:
    version "3.0.0"
    resolved "https://registry.npm.taobao.org/cssesc/download/cssesc-3.0.0.tgz#37741919903b868565e1c09ea747445cd18983ee"
    integrity sha1-N3QZGZA7hoVl4cCep0dEXNGJg+4=
  
  currently-unhandled@^0.4.1:
    version "0.4.1"
    resolved "https://registry.npm.taobao.org/currently-unhandled/download/currently-unhandled-0.4.1.tgz#988df33feab191ef799a61369dd76c17adf957ea"
    integrity sha1-mI3zP+qxke95mmE2nddsF635V+o=
    dependencies:
      array-find-index "^1.0.1"
  
  dashdash@^1.12.0:
    version "1.14.1"
    resolved "https://registry.npm.taobao.org/dashdash/download/dashdash-1.14.1.tgz?cache=0&sync_timestamp=1601073714105&other_urls=https%3A%2F%2Fregistry.npm.taobao.org%2Fdashdash%2Fdownload%2Fdashdash-1.14.1.tgz#853cfa0f7cbe2fed5de20326b8dd581035f6e2f0"
    integrity sha1-hTz6D3y+L+1d4gMmuN1YEDX24vA=
    dependencies:
      assert-plus "^1.0.0"
  
  decamelize@^1.1.2, decamelize@^1.2.0:
    version "1.2.0"
    resolved "https://registry.npm.taobao.org/decamelize/download/decamelize-1.2.0.tgz#f6534d15148269b20352e7bee26f501f9a191290"
    integrity sha1-9lNNFRSCabIDUue+4m9QH5oZEpA=
  
  define-properties@^1.1.2, define-properties@^1.1.3:
    version "1.1.3"
    resolved "https://registry.npm.taobao.org/define-properties/download/define-properties-1.1.3.tgz#cf88da6cbee26fe6db7094f61d870cbd84cee9f1"
    integrity sha1-z4jabL7ib+bbcJT2HYcMvYTO6fE=
    dependencies:
      object-keys "^1.0.12"
  
  delayed-stream@~1.0.0:
    version "1.0.0"
    resolved "https://registry.npm.taobao.org/delayed-stream/download/delayed-stream-1.0.0.tgz#df3ae199acadfb7d440aaae0b29e2272b24ec619"
    integrity sha1-3zrhmayt+31ECqrgsp4icrJOxhk=
  
  delegates@^1.0.0:
    version "1.0.0"
    resolved "https://registry.npm.taobao.org/delegates/download/delegates-1.0.0.tgz#84c6e159b81904fdca59a0ef44cd870d31250f9a"
    integrity sha1-hMbhWbgZBP3KWaDvRM2HDTElD5o=
  
  dom-converter@^0.2:
    version "0.2.0"
    resolved "https://registry.npm.taobao.org/dom-converter/download/dom-converter-0.2.0.tgz#6721a9daee2e293682955b6afe416771627bb768"
    integrity sha1-ZyGp2u4uKTaClVtq/kFncWJ7t2g=
    dependencies:
      utila "~0.4"
  
  dom-serializer@0:
    version "0.2.2"
    resolved "https://registry.npm.taobao.org/dom-serializer/download/dom-serializer-0.2.2.tgz?cache=0&sync_timestamp=1600026395677&other_urls=https%3A%2F%2Fregistry.npm.taobao.org%2Fdom-serializer%2Fdownload%2Fdom-serializer-0.2.2.tgz#1afb81f533717175d478655debc5e332d9f9bb51"
    integrity sha1-GvuB9TNxcXXUeGVd68XjMtn5u1E=
    dependencies:
      domelementtype "^2.0.1"
      entities "^2.0.0"
  
  domelementtype@1, domelementtype@^1.3.1:
    version "1.3.1"
    resolved "https://registry.npm.taobao.org/domelementtype/download/domelementtype-1.3.1.tgz#d048c44b37b0d10a7f2a3d5fee3f4333d790481f"
    integrity sha1-0EjESzew0Qp/Kj1f7j9DM9eQSB8=
  
  domelementtype@^2.0.1:
    version "2.0.2"
    resolved "https://registry.npm.taobao.org/domelementtype/download/domelementtype-2.0.2.tgz#f3b6e549201e46f588b59463dd77187131fe6971"
    integrity sha1-87blSSAeRvWItZRj3XcYcTH+aXE=
  
  domhandler@^2.3.0:
    version "2.4.2"
    resolved "https://registry.npm.taobao.org/domhandler/download/domhandler-2.4.2.tgz#8805097e933d65e85546f726d60f5eb88b44f803"
    integrity sha1-iAUJfpM9ZehVRvcm1g9euItE+AM=
    dependencies:
      domelementtype "1"
  
  domutils@1.5.1:
    version "1.5.1"
    resolved "https://registry.npm.taobao.org/domutils/download/domutils-1.5.1.tgz?cache=0&sync_timestamp=1601261312236&other_urls=https%3A%2F%2Fregistry.npm.taobao.org%2Fdomutils%2Fdownload%2Fdomutils-1.5.1.tgz#dcd8488a26f563d61079e48c9f7b7e32373682cf"
    integrity sha1-3NhIiib1Y9YQeeSMn3t+Mjc2gs8=
    dependencies:
      dom-serializer "0"
      domelementtype "1"
  
  domutils@^1.5.1:
    version "1.7.0"
    resolved "https://registry.npm.taobao.org/domutils/download/domutils-1.7.0.tgz?cache=0&sync_timestamp=1601261312236&other_urls=https%3A%2F%2Fregistry.npm.taobao.org%2Fdomutils%2Fdownload%2Fdomutils-1.7.0.tgz#56ea341e834e06e6748af7a1cb25da67ea9f8c2a"
    integrity sha1-Vuo0HoNOBuZ0ivehyyXaZ+qfjCo=
    dependencies:
      dom-serializer "0"
      domelementtype "1"
  
  dot-case@^3.0.3:
    version "3.0.3"
    resolved "https://registry.npm.taobao.org/dot-case/download/dot-case-3.0.3.tgz#21d3b52efaaba2ea5fda875bb1aa8124521cf4aa"
    integrity sha1-IdO1Lvqroupf2odbsaqBJFIc9Ko=
    dependencies:
      no-case "^3.0.3"
      tslib "^1.10.0"
  
  ecc-jsbn@~0.1.1:
    version "0.1.2"
    resolved "https://registry.npm.taobao.org/ecc-jsbn/download/ecc-jsbn-0.1.2.tgz#3a83a904e54353287874c564b7549386849a98c9"
    integrity sha1-OoOpBOVDUyh4dMVkt1SThoSamMk=
    dependencies:
      jsbn "~0.1.0"
      safer-buffer "^2.1.0"
  
  emoji-regex@^7.0.1:
    version "7.0.3"
    resolved "https://registry.npm.taobao.org/emoji-regex/download/emoji-regex-7.0.3.tgz#933a04052860c85e83c122479c4748a8e4c72156"
    integrity sha1-kzoEBShgyF6DwSJHnEdIqOTHIVY=
  
  emojis-list@^3.0.0:
    version "3.0.0"
    resolved "https://registry.npm.taobao.org/emojis-list/download/emojis-list-3.0.0.tgz#5570662046ad29e2e916e71aae260abdff4f6a78"
    integrity sha1-VXBmIEatKeLpFucariYKvf9Pang=
  
  entities@^1.1.1:
    version "1.1.2"
    resolved "https://registry.npm.taobao.org/entities/download/entities-1.1.2.tgz#bdfa735299664dfafd34529ed4f8522a275fea56"
    integrity sha1-vfpzUplmTfr9NFKe1PhSKidf6lY=
  
  entities@^2.0.0:
    version "2.0.3"
    resolved "https://registry.npm.taobao.org/entities/download/entities-2.0.3.tgz#5c487e5742ab93c15abb5da22759b8590ec03b7f"
    integrity sha1-XEh+V0Krk8Fau12iJ1m4WQ7AO38=
  
  error-ex@^1.2.0:
    version "1.3.2"
    resolved "https://registry.npm.taobao.org/error-ex/download/error-ex-1.3.2.tgz#b4ac40648107fdcdcfae242f428bea8a14d4f1bf"
    integrity sha1-tKxAZIEH/c3PriQvQovqihTU8b8=
    dependencies:
      is-arrayish "^0.2.1"
  
  es-abstract@^1.17.0-next.1, es-abstract@^1.17.5:
    version "1.17.6"
    resolved "https://registry.npm.taobao.org/es-abstract/download/es-abstract-1.17.6.tgz?cache=0&sync_timestamp=1597446355751&other_urls=https%3A%2F%2Fregistry.npm.taobao.org%2Fes-abstract%2Fdownload%2Fes-abstract-1.17.6.tgz#9142071707857b2cacc7b89ecb670316c3e2d52a"
    integrity sha1-kUIHFweFeyysx7iey2cDFsPi1So=
    dependencies:
      es-to-primitive "^1.2.1"
      function-bind "^1.1.1"
      has "^1.0.3"
      has-symbols "^1.0.1"
      is-callable "^1.2.0"
      is-regex "^1.1.0"
      object-inspect "^1.7.0"
      object-keys "^1.1.1"
      object.assign "^4.1.0"
      string.prototype.trimend "^1.0.1"
      string.prototype.trimstart "^1.0.1"
  
  es-abstract@^1.18.0-next.0:
    version "1.18.0-next.0"
    resolved "https://registry.npm.taobao.org/es-abstract/download/es-abstract-1.18.0-next.0.tgz?cache=0&sync_timestamp=1597446355751&other_urls=https%3A%2F%2Fregistry.npm.taobao.org%2Fes-abstract%2Fdownload%2Fes-abstract-1.18.0-next.0.tgz#b302834927e624d8e5837ed48224291f2c66e6fc"
    integrity sha1-swKDSSfmJNjlg37UgiQpHyxm5vw=
    dependencies:
      es-to-primitive "^1.2.1"
      function-bind "^1.1.1"
      has "^1.0.3"
      has-symbols "^1.0.1"
      is-callable "^1.2.0"
      is-negative-zero "^2.0.0"
      is-regex "^1.1.1"
      object-inspect "^1.8.0"
      object-keys "^1.1.1"
      object.assign "^4.1.0"
      string.prototype.trimend "^1.0.1"
      string.prototype.trimstart "^1.0.1"
  
  es-to-primitive@^1.2.1:
    version "1.2.1"
    resolved "https://registry.npm.taobao.org/es-to-primitive/download/es-to-primitive-1.2.1.tgz#e55cd4c9cdc188bcefb03b366c736323fc5c898a"
    integrity sha1-5VzUyc3BiLzvsDs2bHNjI/xciYo=
    dependencies:
      is-callable "^1.1.4"
      is-date-object "^1.0.1"
      is-symbol "^1.0.2"
  
  escape-string-regexp@^1.0.2, escape-string-regexp@^1.0.5:
    version "1.0.5"
    resolved "https://registry.npm.taobao.org/escape-string-regexp/download/escape-string-regexp-1.0.5.tgz#1b61c0562190a8dff6ae3bb2cf0200ca130b86d4"
    integrity sha1-G2HAViGQqN/2rjuyzwIAyhMLhtQ=
  
  extend@~3.0.2:
    version "3.0.2"
    resolved "https://registry.npm.taobao.org/extend/download/extend-3.0.2.tgz#f8b1136b4071fbd8eb140aff858b1019ec2915fa"
    integrity sha1-+LETa0Bx+9jrFAr/hYsQGewpFfo=
  
  extsprintf@1.3.0:
    version "1.3.0"
    resolved "https://registry.npm.taobao.org/extsprintf/download/extsprintf-1.3.0.tgz#96918440e3041a7a414f8c52e3c574eb3c3e1e05"
    integrity sha1-lpGEQOMEGnpBT4xS48V06zw+HgU=
  
  extsprintf@^1.2.0:
    version "1.4.0"
    resolved "https://registry.npm.taobao.org/extsprintf/download/extsprintf-1.4.0.tgz#e2689f8f356fad62cca65a3a91c5df5f9551692f"
    integrity sha1-4mifjzVvrWLMplo6kcXfX5VRaS8=
  
  fast-deep-equal@^3.1.1:
    version "3.1.3"
    resolved "https://registry.npm.taobao.org/fast-deep-equal/download/fast-deep-equal-3.1.3.tgz?cache=0&sync_timestamp=1591599604977&other_urls=https%3A%2F%2Fregistry.npm.taobao.org%2Ffast-deep-equal%2Fdownload%2Ffast-deep-equal-3.1.3.tgz#3a7d56b559d6cbc3eb512325244e619a65c6c525"
    integrity sha1-On1WtVnWy8PrUSMlJE5hmmXGxSU=
  
  fast-json-stable-stringify@^2.0.0:
    version "2.1.0"
    resolved "https://registry.npm.taobao.org/fast-json-stable-stringify/download/fast-json-stable-stringify-2.1.0.tgz#874bf69c6f404c2b5d99c481341399fd55892633"
    integrity sha1-h0v2nG9ATCtdmcSBNBOZ/VWJJjM=
  
  find-up@^1.0.0:
    version "1.1.2"
    resolved "https://registry.npm.taobao.org/find-up/download/find-up-1.1.2.tgz?cache=0&sync_timestamp=1597756298124&other_urls=https%3A%2F%2Fregistry.npm.taobao.org%2Ffind-up%2Fdownload%2Ffind-up-1.1.2.tgz#6b2e9822b1a2ce0a60ab64d610eccad53cb24d0f"
    integrity sha1-ay6YIrGizgpgq2TWEOzK1TyyTQ8=
    dependencies:
      path-exists "^2.0.0"
      pinkie-promise "^2.0.0"
  
  find-up@^3.0.0:
    version "3.0.0"
    resolved "https://registry.npm.taobao.org/find-up/download/find-up-3.0.0.tgz?cache=0&sync_timestamp=1597756298124&other_urls=https%3A%2F%2Fregistry.npm.taobao.org%2Ffind-up%2Fdownload%2Ffind-up-3.0.0.tgz#49169f1d7993430646da61ecc5ae355c21c97b73"
    integrity sha1-SRafHXmTQwZG2mHsxa41XCHJe3M=
    dependencies:
      locate-path "^3.0.0"
  
  forever-agent@~0.6.1:
    version "0.6.1"
    resolved "https://registry.npm.taobao.org/forever-agent/download/forever-agent-0.6.1.tgz#fbc71f0c41adeb37f96c577ad1ed42d8fdacca91"
    integrity sha1-+8cfDEGt6zf5bFd60e1C2P2sypE=
  
  form-data@~2.3.2:
    version "2.3.3"
    resolved "https://registry.npm.taobao.org/form-data/download/form-data-2.3.3.tgz?cache=0&sync_timestamp=1589721949882&other_urls=https%3A%2F%2Fregistry.npm.taobao.org%2Fform-data%2Fdownload%2Fform-data-2.3.3.tgz#dcce52c05f644f298c6a7ab936bd724ceffbf3a6"
    integrity sha1-3M5SwF9kTymManq5Nr1yTO/786Y=
    dependencies:
      asynckit "^0.4.0"
      combined-stream "^1.0.6"
      mime-types "^2.1.12"
  
  fs.realpath@^1.0.0:
    version "1.0.0"
    resolved "https://registry.npm.taobao.org/fs.realpath/download/fs.realpath-1.0.0.tgz#1504ad2523158caa40db4a2787cb01411994ea4f"
    integrity sha1-FQStJSMVjKpA20onh8sBQRmU6k8=
  
  fstream@^1.0.0, fstream@^1.0.12:
    version "1.0.12"
    resolved "https://registry.npm.taobao.org/fstream/download/fstream-1.0.12.tgz#4e8ba8ee2d48be4f7d0de505455548eae5932045"
    integrity sha1-Touo7i1Ivk99DeUFRVVI6uWTIEU=
    dependencies:
      graceful-fs "^4.1.2"
      inherits "~2.0.0"
      mkdirp ">=0.5 0"
      rimraf "2"
  
  function-bind@^1.1.1:
    version "1.1.1"
    resolved "https://registry.npm.taobao.org/function-bind/download/function-bind-1.1.1.tgz#a56899d3ea3c9bab874bb9773b7c5ede92f4895d"
    integrity sha1-pWiZ0+o8m6uHS7l3O3xe3pL0iV0=
  
  gauge@~2.7.3:
    version "2.7.4"
    resolved "https://registry.npm.taobao.org/gauge/download/gauge-2.7.4.tgz#2c03405c7538c39d7eb37b317022e325fb018bf7"
    integrity sha1-LANAXHU4w51+s3sxcCLjJfsBi/c=
    dependencies:
      aproba "^1.0.3"
      console-control-strings "^1.0.0"
      has-unicode "^2.0.0"
      object-assign "^4.1.0"
      signal-exit "^3.0.0"
      string-width "^1.0.1"
      strip-ansi "^3.0.1"
      wide-align "^1.1.0"
  
  gaze@^1.0.0:
    version "1.1.3"
    resolved "https://registry.npm.taobao.org/gaze/download/gaze-1.1.3.tgz#c441733e13b927ac8c0ff0b4c3b033f28812924a"
    integrity sha1-xEFzPhO5J6yMD/C0w7Az8ogSkko=
    dependencies:
      globule "^1.0.0"
  
  get-caller-file@^2.0.1:
    version "2.0.5"
    resolved "https://registry.npm.taobao.org/get-caller-file/download/get-caller-file-2.0.5.tgz#4f94412a82db32f36e3b0b9741f8a97feb031f7e"
    integrity sha1-T5RBKoLbMvNuOwuXQfipf+sDH34=
  
  get-stdin@^4.0.1:
    version "4.0.1"
    resolved "https://registry.npm.taobao.org/get-stdin/download/get-stdin-4.0.1.tgz#b968c6b0a04384324902e8bf1a5df32579a450fe"
    integrity sha1-uWjGsKBDhDJJAui/Gl3zJXmkUP4=
  
  getpass@^0.1.1:
    version "0.1.7"
    resolved "https://registry.npm.taobao.org/getpass/download/getpass-0.1.7.tgz#5eff8e3e684d569ae4cb2b1282604e8ba62149fa"
    integrity sha1-Xv+OPmhNVprkyysSgmBOi6YhSfo=
    dependencies:
      assert-plus "^1.0.0"
  
  glob@^7.0.0, glob@^7.0.3, glob@^7.1.2, glob@^7.1.3, glob@~7.1.1:
    version "7.1.6"
    resolved "https://registry.npm.taobao.org/glob/download/glob-7.1.6.tgz?cache=0&sync_timestamp=1573203677246&other_urls=https%3A%2F%2Fregistry.npm.taobao.org%2Fglob%2Fdownload%2Fglob-7.1.6.tgz#141f33b81a7c2492e125594307480c46679278a6"
    integrity sha1-FB8zuBp8JJLhJVlDB0gMRmeSeKY=
    dependencies:
      fs.realpath "^1.0.0"
      inflight "^1.0.4"
      inherits "2"
      minimatch "^3.0.4"
      once "^1.3.0"
      path-is-absolute "^1.0.0"
  
  globule@^1.0.0:
    version "1.3.2"
    resolved "https://registry.npm.taobao.org/globule/download/globule-1.3.2.tgz#d8bdd9e9e4eef8f96e245999a5dee7eb5d8529c4"
    integrity sha1-2L3Z6eTu+PluJFmZpd7n612FKcQ=
    dependencies:
      glob "~7.1.1"
      lodash "~4.17.10"
      minimatch "~3.0.2"
  
  graceful-fs@^4.1.2:
    version "4.2.4"
    resolved "https://registry.npm.taobao.org/graceful-fs/download/graceful-fs-4.2.4.tgz#2256bde14d3632958c465ebc96dc467ca07a29fb"
    integrity sha1-Ila94U02MpWMRl68ltxGfKB6Kfs=
  
  har-schema@^2.0.0:
    version "2.0.0"
    resolved "https://registry.npm.taobao.org/har-schema/download/har-schema-2.0.0.tgz#a94c2224ebcac04782a0d9035521f24735b7ec92"
    integrity sha1-qUwiJOvKwEeCoNkDVSHyRzW37JI=
  
  har-validator@~5.1.3:
    version "5.1.5"
    resolved "https://registry.npm.taobao.org/har-validator/download/har-validator-5.1.5.tgz?cache=0&sync_timestamp=1596082584903&other_urls=https%3A%2F%2Fregistry.npm.taobao.org%2Fhar-validator%2Fdownload%2Fhar-validator-5.1.5.tgz#1f0803b9f8cb20c0fa13822df1ecddb36bde1efd"
    integrity sha1-HwgDufjLIMD6E4It8ezds2veHv0=
    dependencies:
      ajv "^6.12.3"
      har-schema "^2.0.0"
  
  has-ansi@^2.0.0:
    version "2.0.0"
    resolved "https://registry.npm.taobao.org/has-ansi/download/has-ansi-2.0.0.tgz?cache=0&sync_timestamp=1593874560086&other_urls=https%3A%2F%2Fregistry.npm.taobao.org%2Fhas-ansi%2Fdownload%2Fhas-ansi-2.0.0.tgz#34f5049ce1ecdf2b0649af3ef24e45ed35416d91"
    integrity sha1-NPUEnOHs3ysGSa8+8k5F7TVBbZE=
    dependencies:
      ansi-regex "^2.0.0"
  
  has-flag@^3.0.0:
    version "3.0.0"
    resolved "https://registry.npm.taobao.org/has-flag/download/has-flag-3.0.0.tgz#b5d454dc2199ae225699f3467e5a07f3b955bafd"
    integrity sha1-tdRU3CGZriJWmfNGfloH87lVuv0=
  
  has-symbols@^1.0.1:
    version "1.0.1"
    resolved "https://registry.npm.taobao.org/has-symbols/download/has-symbols-1.0.1.tgz#9f5214758a44196c406d9bd76cebf81ec2dd31e8"
    integrity sha1-n1IUdYpEGWxAbZvXbOv4HsLdMeg=
  
  has-unicode@^2.0.0:
    version "2.0.1"
    resolved "https://registry.npm.taobao.org/has-unicode/download/has-unicode-2.0.1.tgz#e0e6fe6a28cf51138855e086d1691e771de2a8b9"
    integrity sha1-4Ob+aijPUROIVeCG0Wkedx3iqLk=
  
  has@^1.0.3:
    version "1.0.3"
    resolved "https://registry.npm.taobao.org/has/download/has-1.0.3.tgz#722d7cbfc1f6aa8241f16dd814e011e1f41e8796"
    integrity sha1-ci18v8H2qoJB8W3YFOAR4fQeh5Y=
    dependencies:
      function-bind "^1.1.1"
  
  he@^1.2.0:
    version "1.2.0"
    resolved "https://registry.npm.taobao.org/he/download/he-1.2.0.tgz#84ae65fa7eafb165fddb61566ae14baf05664f0f"
    integrity sha1-hK5l+n6vsWX922FWauFLrwVmTw8=
  
  hosted-git-info@^2.1.4:
    version "2.8.8"
    resolved "https://registry.npm.taobao.org/hosted-git-info/download/hosted-git-info-2.8.8.tgz?cache=0&sync_timestamp=1594427993800&other_urls=https%3A%2F%2Fregistry.npm.taobao.org%2Fhosted-git-info%2Fdownload%2Fhosted-git-info-2.8.8.tgz#7539bd4bc1e0e0a895815a2e0262420b12858488"
    integrity sha1-dTm9S8Hg4KiVgVouAmJCCxKFhIg=
  
  html-minifier-terser@^5.0.1:
    version "5.1.1"
    resolved "https://registry.npm.taobao.org/html-minifier-terser/download/html-minifier-terser-5.1.1.tgz#922e96f1f3bb60832c2634b79884096389b1f054"
    integrity sha1-ki6W8fO7YIMsJjS3mIQJY4mx8FQ=
    dependencies:
      camel-case "^4.1.1"
      clean-css "^4.2.3"
      commander "^4.1.1"
      he "^1.2.0"
      param-case "^3.0.3"
      relateurl "^0.2.7"
      terser "^4.6.3"
  
  html-webpack-plugin@^4.5.0:
    version "4.5.0"
    resolved "https://registry.npm.taobao.org/html-webpack-plugin/download/html-webpack-plugin-4.5.0.tgz?cache=0&sync_timestamp=1600690533404&other_urls=https%3A%2F%2Fregistry.npm.taobao.org%2Fhtml-webpack-plugin%2Fdownload%2Fhtml-webpack-plugin-4.5.0.tgz#625097650886b97ea5dae331c320e3238f6c121c"
    integrity sha1-YlCXZQiGuX6l2uMxwyDjI49sEhw=
    dependencies:
      "@types/html-minifier-terser" "^5.0.0"
      "@types/tapable" "^1.0.5"
      "@types/webpack" "^4.41.8"
      html-minifier-terser "^5.0.1"
      loader-utils "^1.2.3"
      lodash "^4.17.15"
      pretty-error "^2.1.1"
      tapable "^1.1.3"
      util.promisify "1.0.0"
  
  htmlparser2@^3.3.0:
    version "3.10.1"
    resolved "https://registry.npm.taobao.org/htmlparser2/download/htmlparser2-3.10.1.tgz#bd679dc3f59897b6a34bb10749c855bb53a9392f"
    integrity sha1-vWedw/WYl7ajS7EHSchVu1OpOS8=
    dependencies:
      domelementtype "^1.3.1"
      domhandler "^2.3.0"
      domutils "^1.5.1"
      entities "^1.1.1"
      inherits "^2.0.1"
      readable-stream "^3.1.1"
  
  http-signature@~1.2.0:
    version "1.2.0"
    resolved "https://registry.npm.taobao.org/http-signature/download/http-signature-1.2.0.tgz?cache=0&sync_timestamp=1600868555829&other_urls=https%3A%2F%2Fregistry.npm.taobao.org%2Fhttp-signature%2Fdownload%2Fhttp-signature-1.2.0.tgz#9aecd925114772f3d95b65a60abb8f7c18fbace1"
    integrity sha1-muzZJRFHcvPZW2WmCruPfBj7rOE=
    dependencies:
      assert-plus "^1.0.0"
      jsprim "^1.2.2"
      sshpk "^1.7.0"
  
  icss-utils@^4.0.0, icss-utils@^4.1.1:
    version "4.1.1"
    resolved "https://registry.npm.taobao.org/icss-utils/download/icss-utils-4.1.1.tgz?cache=0&sync_timestamp=1600767268115&other_urls=https%3A%2F%2Fregistry.npm.taobao.org%2Ficss-utils%2Fdownload%2Ficss-utils-4.1.1.tgz#21170b53789ee27447c2f47dd683081403f9a467"
    integrity sha1-IRcLU3ie4nRHwvR91oMIFAP5pGc=
    dependencies:
      postcss "^7.0.14"
  
  in-publish@^2.0.0:
    version "2.0.1"
    resolved "https://registry.npm.taobao.org/in-publish/download/in-publish-2.0.1.tgz#948b1a535c8030561cea522f73f78f4be357e00c"
    integrity sha1-lIsaU1yAMFYc6lIvc/ePS+NX4Aw=
  
  indent-string@^2.1.0:
    version "2.1.0"
    resolved "https://registry.npm.taobao.org/indent-string/download/indent-string-2.1.0.tgz#8e2d48348742121b4a8218b7a137e9a52049dc80"
    integrity sha1-ji1INIdCEhtKghi3oTfppSBJ3IA=
    dependencies:
      repeating "^2.0.0"
  
  indexes-of@^1.0.1:
    version "1.0.1"
    resolved "https://registry.npm.taobao.org/indexes-of/download/indexes-of-1.0.1.tgz#f30f716c8e2bd346c7b67d3df3915566a7c05607"
    integrity sha1-8w9xbI4r00bHtn0985FVZqfAVgc=
  
  inflight@^1.0.4:
    version "1.0.6"
    resolved "https://registry.npm.taobao.org/inflight/download/inflight-1.0.6.tgz#49bd6331d7d02d0c09bc910a1075ba8165b56df9"
    integrity sha1-Sb1jMdfQLQwJvJEKEHW6gWW1bfk=
    dependencies:
      once "^1.3.0"
      wrappy "1"
  
  inherits@2, inherits@^2.0.1, inherits@^2.0.3, inherits@~2.0.0, inherits@~2.0.3:
    version "2.0.4"
    resolved "https://registry.npm.taobao.org/inherits/download/inherits-2.0.4.tgz?cache=0&sync_timestamp=1589682822213&other_urls=https%3A%2F%2Fregistry.npm.taobao.org%2Finherits%2Fdownload%2Finherits-2.0.4.tgz#0fa2c64f932917c3433a0ded55363aae37416b7c"
    integrity sha1-D6LGT5MpF8NDOg3tVTY6rjdBa3w=
  
  is-arrayish@^0.2.1:
    version "0.2.1"
    resolved "https://registry.npm.taobao.org/is-arrayish/download/is-arrayish-0.2.1.tgz#77c99840527aa8ecb1a8ba697b80645a7a926a9d"
    integrity sha1-d8mYQFJ6qOyxqLppe4BkWnqSap0=
  
  is-callable@^1.1.4, is-callable@^1.2.0:
    version "1.2.2"
    resolved "https://registry.npm.taobao.org/is-callable/download/is-callable-1.2.2.tgz?cache=0&sync_timestamp=1600719446314&other_urls=https%3A%2F%2Fregistry.npm.taobao.org%2Fis-callable%2Fdownload%2Fis-callable-1.2.2.tgz#c7c6715cd22d4ddb48d3e19970223aceabb080d9"
    integrity sha1-x8ZxXNItTdtI0+GZcCI6zquwgNk=
  
  is-date-object@^1.0.1:
    version "1.0.2"
    resolved "https://registry.npm.taobao.org/is-date-object/download/is-date-object-1.0.2.tgz#bda736f2cd8fd06d32844e7743bfa7494c3bfd7e"
    integrity sha1-vac28s2P0G0yhE53Q7+nSUw7/X4=
  
  is-finite@^1.0.0:
    version "1.1.0"
    resolved "https://registry.npm.taobao.org/is-finite/download/is-finite-1.1.0.tgz#904135c77fb42c0641d6aa1bcdbc4daa8da082f3"
    integrity sha1-kEE1x3+0LAZB1qobzbxNqo2ggvM=
  
  is-fullwidth-code-point@^1.0.0:
    version "1.0.0"
    resolved "https://registry.npm.taobao.org/is-fullwidth-code-point/download/is-fullwidth-code-point-1.0.0.tgz#ef9e31386f031a7f0d643af82fde50c457ef00cb"
    integrity sha1-754xOG8DGn8NZDr4L95QxFfvAMs=
    dependencies:
      number-is-nan "^1.0.0"
  
  is-fullwidth-code-point@^2.0.0:
    version "2.0.0"
    resolved "https://registry.npm.taobao.org/is-fullwidth-code-point/download/is-fullwidth-code-point-2.0.0.tgz#a3b30a5c4f199183167aaab93beefae3ddfb654f"
    integrity sha1-o7MKXE8ZkYMWeqq5O+764937ZU8=
  
  is-negative-zero@^2.0.0:
    version "2.0.0"
    resolved "https://registry.npm.taobao.org/is-negative-zero/download/is-negative-zero-2.0.0.tgz#9553b121b0fac28869da9ed459e20c7543788461"
    integrity sha1-lVOxIbD6wohp2p7UWeIMdUN4hGE=
  
  is-regex@^1.1.0, is-regex@^1.1.1:
    version "1.1.1"
    resolved "https://registry.npm.taobao.org/is-regex/download/is-regex-1.1.1.tgz#c6f98aacc546f6cec5468a07b7b153ab564a57b9"
    integrity sha1-xvmKrMVG9s7FRooHt7FTq1ZKV7k=
    dependencies:
      has-symbols "^1.0.1"
  
  is-symbol@^1.0.2:
    version "1.0.3"
    resolved "https://registry.npm.taobao.org/is-symbol/download/is-symbol-1.0.3.tgz?cache=0&sync_timestamp=1574296721350&other_urls=https%3A%2F%2Fregistry.npm.taobao.org%2Fis-symbol%2Fdownload%2Fis-symbol-1.0.3.tgz#38e1014b9e6329be0de9d24a414fd7441ec61937"
    integrity sha1-OOEBS55jKb4N6dJKQU/XRB7GGTc=
    dependencies:
      has-symbols "^1.0.1"
  
  is-typedarray@~1.0.0:
    version "1.0.0"
    resolved "https://registry.npm.taobao.org/is-typedarray/download/is-typedarray-1.0.0.tgz#e479c80858df0c1b11ddda6940f96011fcda4a9a"
    integrity sha1-5HnICFjfDBsR3dppQPlgEfzaSpo=
  
  is-utf8@^0.2.0:
    version "0.2.1"
    resolved "https://registry.npm.taobao.org/is-utf8/download/is-utf8-0.2.1.tgz#4b0da1442104d1b336340e80797e865cf39f7d72"
    integrity sha1-Sw2hRCEE0bM2NA6AeX6GXPOffXI=
  
  isarray@~1.0.0:
    version "1.0.0"
    resolved "https://registry.npm.taobao.org/isarray/download/isarray-1.0.0.tgz#bb935d48582cba168c06834957a54a3e07124f11"
    integrity sha1-u5NdSFgsuhaMBoNJV6VKPgcSTxE=
  
  isexe@^2.0.0:
    version "2.0.0"
    resolved "https://registry.npm.taobao.org/isexe/download/isexe-2.0.0.tgz#e8fbf374dc556ff8947a10dcb0572d633f2cfa10"
    integrity sha1-6PvzdNxVb/iUehDcsFctYz8s+hA=
  
  isstream@~0.1.2:
    version "0.1.2"
    resolved "https://registry.npm.taobao.org/isstream/download/isstream-0.1.2.tgz#47e63f7af55afa6f92e1500e690eb8b8529c099a"
    integrity sha1-R+Y/evVa+m+S4VAOaQ64uFKcCZo=
  
  js-base64@^2.1.8:
    version "2.6.4"
    resolved "https://registry.npm.taobao.org/js-base64/download/js-base64-2.6.4.tgz?cache=0&sync_timestamp=1599897557763&other_urls=https%3A%2F%2Fregistry.npm.taobao.org%2Fjs-base64%2Fdownload%2Fjs-base64-2.6.4.tgz#f4e686c5de1ea1f867dbcad3d46d969428df98c4"
    integrity sha1-9OaGxd4eofhn28rT1G2WlCjfmMQ=
  
  jsbn@~0.1.0:
    version "0.1.1"
    resolved "https://registry.npm.taobao.org/jsbn/download/jsbn-0.1.1.tgz#a5e654c2e5a2deb5f201d96cefbca80c0ef2f513"
    integrity sha1-peZUwuWi3rXyAdls77yoDA7y9RM=
  
  json-schema-traverse@^0.4.1:
    version "0.4.1"
    resolved "https://registry.npm.taobao.org/json-schema-traverse/download/json-schema-traverse-0.4.1.tgz?cache=0&sync_timestamp=1599333925809&other_urls=https%3A%2F%2Fregistry.npm.taobao.org%2Fjson-schema-traverse%2Fdownload%2Fjson-schema-traverse-0.4.1.tgz#69f6a87d9513ab8bb8fe63bdb0979c448e684660"
    integrity sha1-afaofZUTq4u4/mO9sJecRI5oRmA=
  
  json-schema@0.2.3:
    version "0.2.3"
    resolved "https://registry.npm.taobao.org/json-schema/download/json-schema-0.2.3.tgz#b480c892e59a2f05954ce727bd3f2a4e882f9e13"
    integrity sha1-tIDIkuWaLwWVTOcnvT8qTogvnhM=
  
  json-stringify-safe@~5.0.1:
    version "5.0.1"
    resolved "https://registry.npm.taobao.org/json-stringify-safe/download/json-stringify-safe-5.0.1.tgz#1296a2d58fd45f19a0f6ce01d65701e2c735b6eb"
    integrity sha1-Epai1Y/UXxmg9s4B1lcB4sc1tus=
  
  json5@^1.0.1:
    version "1.0.1"
    resolved "https://registry.npm.taobao.org/json5/download/json5-1.0.1.tgz#779fb0018604fa854eacbf6252180d83543e3dbe"
    integrity sha1-d5+wAYYE+oVOrL9iUhgNg1Q+Pb4=
    dependencies:
      minimist "^1.2.0"
  
  json5@^2.1.2:
    version "2.1.3"
    resolved "https://registry.npm.taobao.org/json5/download/json5-2.1.3.tgz#c9b0f7fa9233bfe5807fe66fcf3a5617ed597d43"
    integrity sha1-ybD3+pIzv+WAf+ZvzzpWF+1ZfUM=
    dependencies:
      minimist "^1.2.5"
  
  jsprim@^1.2.2:
    version "1.4.1"
    resolved "https://registry.npm.taobao.org/jsprim/download/jsprim-1.4.1.tgz#313e66bc1e5cc06e438bc1b7499c2e5c56acb6a2"
    integrity sha1-MT5mvB5cwG5Di8G3SZwuXFastqI=
    dependencies:
      assert-plus "1.0.0"
      extsprintf "1.3.0"
      json-schema "0.2.3"
      verror "1.10.0"
  
  klona@^2.0.3:
    version "2.0.4"
    resolved "https://registry.npm.taobao.org/klona/download/klona-2.0.4.tgz?cache=0&sync_timestamp=1600226641291&other_urls=https%3A%2F%2Fregistry.npm.taobao.org%2Fklona%2Fdownload%2Fklona-2.0.4.tgz#7bb1e3affb0cb8624547ef7e8f6708ea2e39dfc0"
    integrity sha1-e7Hjr/sMuGJFR+9+j2cI6i4538A=
  
  load-json-file@^1.0.0:
    version "1.1.0"
    resolved "https://registry.npm.taobao.org/load-json-file/download/load-json-file-1.1.0.tgz#956905708d58b4bab4c2261b04f59f31c99374c0"
    integrity sha1-lWkFcI1YtLq0wiYbBPWfMcmTdMA=
    dependencies:
      graceful-fs "^4.1.2"
      parse-json "^2.2.0"
      pify "^2.0.0"
      pinkie-promise "^2.0.0"
      strip-bom "^2.0.0"
  
  loader-utils@^1.2.3:
    version "1.4.0"
    resolved "https://registry.npm.taobao.org/loader-utils/download/loader-utils-1.4.0.tgz#c579b5e34cb34b1a74edc6c1fb36bfa371d5a613"
    integrity sha1-xXm140yzSxp07cbB+za/o3HVphM=
    dependencies:
      big.js "^5.2.2"
      emojis-list "^3.0.0"
      json5 "^1.0.1"
  
  loader-utils@^2.0.0:
    version "2.0.0"
    resolved "https://registry.npm.taobao.org/loader-utils/download/loader-utils-2.0.0.tgz#e4cace5b816d425a166b5f097e10cd12b36064b0"
    integrity sha1-5MrOW4FtQloWa18JfhDNErNgZLA=
    dependencies:
      big.js "^5.2.2"
      emojis-list "^3.0.0"
      json5 "^2.1.2"
  
  locate-path@^3.0.0:
    version "3.0.0"
    resolved "https://registry.npm.taobao.org/locate-path/download/locate-path-3.0.0.tgz#dbec3b3ab759758071b58fe59fc41871af21400e"
    integrity sha1-2+w7OrdZdYBxtY/ln8QYca8hQA4=
    dependencies:
      p-locate "^3.0.0"
      path-exists "^3.0.0"
  
  lodash@^4.0.0, lodash@^4.17.15, lodash@~4.17.10:
    version "4.17.20"
    resolved "https://registry.npm.taobao.org/lodash/download/lodash-4.17.20.tgz?cache=0&sync_timestamp=1597335994883&other_urls=https%3A%2F%2Fregistry.npm.taobao.org%2Flodash%2Fdownload%2Flodash-4.17.20.tgz#b44a9b6297bcb698f1c51a3545a2b3b368d59c52"
    integrity sha1-tEqbYpe8tpjxxRo1RaKzs2jVnFI=
  
  loud-rejection@^1.0.0:
    version "1.6.0"
    resolved "https://registry.npm.taobao.org/loud-rejection/download/loud-rejection-1.6.0.tgz#5b46f80147edee578870f086d04821cf998e551f"
    integrity sha1-W0b4AUft7leIcPCG0Eghz5mOVR8=
    dependencies:
      currently-unhandled "^0.4.1"
      signal-exit "^3.0.0"
  
  lower-case@^2.0.1:
    version "2.0.1"
    resolved "https://registry.npm.taobao.org/lower-case/download/lower-case-2.0.1.tgz#39eeb36e396115cc05e29422eaea9e692c9408c7"
    integrity sha1-Oe6zbjlhFcwF4pQi6uqeaSyUCMc=
    dependencies:
      tslib "^1.10.0"
  
  lru-cache@^4.0.1:
    version "4.1.5"
    resolved "https://registry.npm.taobao.org/lru-cache/download/lru-cache-4.1.5.tgz?cache=0&sync_timestamp=1594427567713&other_urls=https%3A%2F%2Fregistry.npm.taobao.org%2Flru-cache%2Fdownload%2Flru-cache-4.1.5.tgz#8bbe50ea85bed59bc9e33dcab8235ee9bcf443cd"
    integrity sha1-i75Q6oW+1ZvJ4z3KuCNe6bz0Q80=
    dependencies:
      pseudomap "^1.0.2"
      yallist "^2.1.2"
  
  map-obj@^1.0.0, map-obj@^1.0.1:
    version "1.0.1"
    resolved "https://registry.npm.taobao.org/map-obj/download/map-obj-1.0.1.tgz#d933ceb9205d82bdcf4886f6742bdc2b4dea146d"
    integrity sha1-2TPOuSBdgr3PSIb2dCvcK03qFG0=
  
  meow@^3.7.0:
    version "3.7.0"
    resolved "https://registry.npm.taobao.org/meow/download/meow-3.7.0.tgz#72cb668b425228290abbfa856892587308a801fb"
    integrity sha1-cstmi0JSKCkKu/qFaJJYcwioAfs=
    dependencies:
      camelcase-keys "^2.0.0"
      decamelize "^1.1.2"
      loud-rejection "^1.0.0"
      map-obj "^1.0.1"
      minimist "^1.1.3"
      normalize-package-data "^2.3.4"
      object-assign "^4.0.1"
      read-pkg-up "^1.0.1"
      redent "^1.0.0"
      trim-newlines "^1.0.0"
  
  mime-db@1.44.0:
    version "1.44.0"
    resolved "https://registry.npm.taobao.org/mime-db/download/mime-db-1.44.0.tgz?cache=0&sync_timestamp=1600831159918&other_urls=https%3A%2F%2Fregistry.npm.taobao.org%2Fmime-db%2Fdownload%2Fmime-db-1.44.0.tgz#fa11c5eb0aca1334b4233cb4d52f10c5a6272f92"
    integrity sha1-+hHF6wrKEzS0Izy01S8QxaYnL5I=
  
  mime-types@^2.1.12, mime-types@~2.1.19:
    version "2.1.27"
    resolved "https://registry.npm.taobao.org/mime-types/download/mime-types-2.1.27.tgz#47949f98e279ea53119f5722e0f34e529bec009f"
    integrity sha1-R5SfmOJ56lMRn1ci4PNOUpvsAJ8=
    dependencies:
      mime-db "1.44.0"
  
  minimatch@^3.0.4, minimatch@~3.0.2:
    version "3.0.4"
    resolved "https://registry.npm.taobao.org/minimatch/download/minimatch-3.0.4.tgz#5166e286457f03306064be5497e8dbb0c3d32083"
    integrity sha1-UWbihkV/AzBgZL5Ul+jbsMPTIIM=
    dependencies:
      brace-expansion "^1.1.7"
  
  minimist@^1.1.3, minimist@^1.2.0, minimist@^1.2.5:
    version "1.2.5"
    resolved "https://registry.npm.taobao.org/minimist/download/minimist-1.2.5.tgz#67d66014b66a6a8aaa0c083c5fd58df4e4e97602"
    integrity sha1-Z9ZgFLZqaoqqDAg8X9WN9OTpdgI=
  
  "mkdirp@>=0.5 0", mkdirp@^0.5.0, mkdirp@^0.5.1:
    version "0.5.5"
    resolved "https://registry.npm.taobao.org/mkdirp/download/mkdirp-0.5.5.tgz#d91cefd62d1436ca0f41620e251288d420099def"
    integrity sha1-2Rzv1i0UNsoPQWIOJRKI1CAJne8=
    dependencies:
      minimist "^1.2.5"
  
  nan@^2.13.2:
    version "2.14.1"
    resolved "https://registry.npm.taobao.org/nan/download/nan-2.14.1.tgz#d7be34dfa3105b91494c3147089315eff8874b01"
    integrity sha1-174036MQW5FJTDFHCJMV7/iHSwE=
  
  neo-async@^2.6.2:
    version "2.6.2"
    resolved "https://registry.npm.taobao.org/neo-async/download/neo-async-2.6.2.tgz?cache=0&sync_timestamp=1594317853334&other_urls=https%3A%2F%2Fregistry.npm.taobao.org%2Fneo-async%2Fdownload%2Fneo-async-2.6.2.tgz#b4aafb93e3aeb2d8174ca53cf163ab7d7308305f"
    integrity sha1-tKr7k+OustgXTKU88WOrfXMIMF8=
  
  no-case@^3.0.3:
    version "3.0.3"
    resolved "https://registry.npm.taobao.org/no-case/download/no-case-3.0.3.tgz#c21b434c1ffe48b39087e86cfb4d2582e9df18f8"
    integrity sha1-whtDTB/+SLOQh+hs+00lgunfGPg=
    dependencies:
      lower-case "^2.0.1"
      tslib "^1.10.0"
  
  node-gyp@^3.8.0:
    version "3.8.0"
    resolved "https://registry.npm.taobao.org/node-gyp/download/node-gyp-3.8.0.tgz#540304261c330e80d0d5edce253a68cb3964218c"
    integrity sha1-VAMEJhwzDoDQ1e3OJTpoyzlkIYw=
    dependencies:
      fstream "^1.0.0"
      glob "^7.0.3"
      graceful-fs "^4.1.2"
      mkdirp "^0.5.0"
      nopt "2 || 3"
      npmlog "0 || 1 || 2 || 3 || 4"
      osenv "0"
      request "^2.87.0"
      rimraf "2"
      semver "~5.3.0"
      tar "^2.0.0"
      which "1"
  
  node-sass@^4.14.1:
    version "4.14.1"
    resolved "https://registry.npm.taobao.org/node-sass/download/node-sass-4.14.1.tgz#99c87ec2efb7047ed638fb4c9db7f3a42e2217b5"
    integrity sha1-mch+wu+3BH7WOPtMnbfzpC4iF7U=
    dependencies:
      async-foreach "^0.1.3"
      chalk "^1.1.1"
      cross-spawn "^3.0.0"
      gaze "^1.0.0"
      get-stdin "^4.0.1"
      glob "^7.0.3"
      in-publish "^2.0.0"
      lodash "^4.17.15"
      meow "^3.7.0"
      mkdirp "^0.5.1"
      nan "^2.13.2"
      node-gyp "^3.8.0"
      npmlog "^4.0.0"
      request "^2.88.0"
      sass-graph "2.2.5"
      stdout-stream "^1.4.0"
      "true-case-path" "^1.0.2"
  
  "nopt@2 || 3":
    version "3.0.6"
    resolved "https://registry.npm.taobao.org/nopt/download/nopt-3.0.6.tgz?cache=0&sync_timestamp=1597649993026&other_urls=https%3A%2F%2Fregistry.npm.taobao.org%2Fnopt%2Fdownload%2Fnopt-3.0.6.tgz#c6465dbf08abcd4db359317f79ac68a646b28ff9"
    integrity sha1-xkZdvwirzU2zWTF/eaxopkayj/k=
    dependencies:
      abbrev "1"
  
  normalize-package-data@^2.3.2, normalize-package-data@^2.3.4:
    version "2.5.0"
    resolved "https://registry.npm.taobao.org/normalize-package-data/download/normalize-package-data-2.5.0.tgz#e66db1838b200c1dfc233225d12cb36520e234a8"
    integrity sha1-5m2xg4sgDB38IzIl0SyzZSDiNKg=
    dependencies:
      hosted-git-info "^2.1.4"
      resolve "^1.10.0"
      semver "2 || 3 || 4 || 5"
      validate-npm-package-license "^3.0.1"
  
  "npmlog@0 || 1 || 2 || 3 || 4", npmlog@^4.0.0:
    version "4.1.2"
    resolved "https://registry.npm.taobao.org/npmlog/download/npmlog-4.1.2.tgz?cache=0&sync_timestamp=1586265317539&other_urls=https%3A%2F%2Fregistry.npm.taobao.org%2Fnpmlog%2Fdownload%2Fnpmlog-4.1.2.tgz#08a7f2a8bf734604779a9efa4ad5cc717abb954b"
    integrity sha1-CKfyqL9zRgR3mp76StXMcXq7lUs=
    dependencies:
      are-we-there-yet "~1.1.2"
      console-control-strings "~1.1.0"
      gauge "~2.7.3"
      set-blocking "~2.0.0"
  
  nth-check@~1.0.1:
    version "1.0.2"
    resolved "https://registry.npm.taobao.org/nth-check/download/nth-check-1.0.2.tgz#b2bd295c37e3dd58a3bf0700376663ba4d9cf05c"
    integrity sha1-sr0pXDfj3VijvwcAN2Zjuk2c8Fw=
    dependencies:
      boolbase "~1.0.0"
  
  number-is-nan@^1.0.0:
    version "1.0.1"
    resolved "https://registry.npm.taobao.org/number-is-nan/download/number-is-nan-1.0.1.tgz#097b602b53422a522c1afb8790318336941a011d"
    integrity sha1-CXtgK1NCKlIsGvuHkDGDNpQaAR0=
  
  oauth-sign@~0.9.0:
    version "0.9.0"
    resolved "https://registry.npm.taobao.org/oauth-sign/download/oauth-sign-0.9.0.tgz#47a7b016baa68b5fa0ecf3dee08a85c679ac6455"
    integrity sha1-R6ewFrqmi1+g7PPe4IqFxnmsZFU=
  
  object-assign@^4.0.1, object-assign@^4.1.0:
    version "4.1.1"
    resolved "https://registry.npm.taobao.org/object-assign/download/object-assign-4.1.1.tgz#2109adc7965887cfc05cbbd442cac8bfbb360863"
    integrity sha1-IQmtx5ZYh8/AXLvUQsrIv7s2CGM=
  
  object-inspect@^1.7.0, object-inspect@^1.8.0:
    version "1.8.0"
    resolved "https://registry.npm.taobao.org/object-inspect/download/object-inspect-1.8.0.tgz#df807e5ecf53a609cc6bfe93eac3cc7be5b3a9d0"
    integrity sha1-34B+Xs9TpgnMa/6T6sPMe+WzqdA=
  
  object-keys@^1.0.12, object-keys@^1.1.1:
    version "1.1.1"
    resolved "https://registry.npm.taobao.org/object-keys/download/object-keys-1.1.1.tgz#1c47f272df277f3b1daf061677d9c82e2322c60e"
    integrity sha1-HEfyct8nfzsdrwYWd9nILiMixg4=
  
  object.assign@^4.1.0:
    version "4.1.1"
    resolved "https://registry.npm.taobao.org/object.assign/download/object.assign-4.1.1.tgz?cache=0&sync_timestamp=1599844906321&other_urls=https%3A%2F%2Fregistry.npm.taobao.org%2Fobject.assign%2Fdownload%2Fobject.assign-4.1.1.tgz#303867a666cdd41936ecdedfb1f8f3e32a478cdd"
    integrity sha1-MDhnpmbN1Bk27N7fsfjz4ypHjN0=
    dependencies:
      define-properties "^1.1.3"
      es-abstract "^1.18.0-next.0"
      has-symbols "^1.0.1"
      object-keys "^1.1.1"
  
  object.getownpropertydescriptors@^2.0.3:
    version "2.1.0"
    resolved "https://registry.npm.taobao.org/object.getownpropertydescriptors/download/object.getownpropertydescriptors-2.1.0.tgz#369bf1f9592d8ab89d712dced5cb81c7c5352649"
    integrity sha1-Npvx+VktiridcS3O1cuBx8U1Jkk=
    dependencies:
      define-properties "^1.1.3"
      es-abstract "^1.17.0-next.1"
  
  once@^1.3.0:
    version "1.4.0"
    resolved "https://registry.npm.taobao.org/once/download/once-1.4.0.tgz#583b1aa775961d4b113ac17d9c50baef9dd76bd1"
    integrity sha1-WDsap3WWHUsROsF9nFC6753Xa9E=
    dependencies:
      wrappy "1"
  
  os-homedir@^1.0.0:
    version "1.0.2"
    resolved "https://registry.npm.taobao.org/os-homedir/download/os-homedir-1.0.2.tgz#ffbc4988336e0e833de0c168c7ef152121aa7fb3"
    integrity sha1-/7xJiDNuDoM94MFox+8VISGqf7M=
  
  os-tmpdir@^1.0.0:
    version "1.0.2"
    resolved "https://registry.npm.taobao.org/os-tmpdir/download/os-tmpdir-1.0.2.tgz#bbe67406c79aa85c5cfec766fe5734555dfa1274"
    integrity sha1-u+Z0BseaqFxc/sdm/lc0VV36EnQ=
  
  osenv@0:
    version "0.1.5"
    resolved "https://registry.npm.taobao.org/osenv/download/osenv-0.1.5.tgz#85cdfafaeb28e8677f416e287592b5f3f49ea410"
    integrity sha1-hc36+uso6Gd/QW4odZK18/SepBA=
    dependencies:
      os-homedir "^1.0.0"
      os-tmpdir "^1.0.0"
  
  p-limit@^2.0.0:
    version "2.3.0"
    resolved "https://registry.npm.taobao.org/p-limit/download/p-limit-2.3.0.tgz#3dd33c647a214fdfffd835933eb086da0dc21db1"
    integrity sha1-PdM8ZHohT9//2DWTPrCG2g3CHbE=
    dependencies:
      p-try "^2.0.0"
  
  p-locate@^3.0.0:
    version "3.0.0"
    resolved "https://registry.npm.taobao.org/p-locate/download/p-locate-3.0.0.tgz?cache=0&sync_timestamp=1597081605529&other_urls=https%3A%2F%2Fregistry.npm.taobao.org%2Fp-locate%2Fdownload%2Fp-locate-3.0.0.tgz#322d69a05c0264b25997d9f40cd8a891ab0064a4"
    integrity sha1-Mi1poFwCZLJZl9n0DNiokasAZKQ=
    dependencies:
      p-limit "^2.0.0"
  
  p-try@^2.0.0:
    version "2.2.0"
    resolved "https://registry.npm.taobao.org/p-try/download/p-try-2.2.0.tgz#cb2868540e313d61de58fafbe35ce9004d5540e6"
    integrity sha1-yyhoVA4xPWHeWPr741zpAE1VQOY=
  
  param-case@^3.0.3:
    version "3.0.3"
    resolved "https://registry.npm.taobao.org/param-case/download/param-case-3.0.3.tgz#4be41f8399eff621c56eebb829a5e451d9801238"
    integrity sha1-S+Qfg5nv9iHFbuu4KaXkUdmAEjg=
    dependencies:
      dot-case "^3.0.3"
      tslib "^1.10.0"
  
  parse-json@^2.2.0:
    version "2.2.0"
    resolved "https://registry.npm.taobao.org/parse-json/download/parse-json-2.2.0.tgz?cache=0&sync_timestamp=1598129247474&other_urls=https%3A%2F%2Fregistry.npm.taobao.org%2Fparse-json%2Fdownload%2Fparse-json-2.2.0.tgz#f480f40434ef80741f8469099f8dea18f55a4dc9"
    integrity sha1-9ID0BDTvgHQfhGkJn43qGPVaTck=
    dependencies:
      error-ex "^1.2.0"
  
  pascal-case@^3.1.1:
    version "3.1.1"
    resolved "https://registry.npm.taobao.org/pascal-case/download/pascal-case-3.1.1.tgz#5ac1975133ed619281e88920973d2cd1f279de5f"
    integrity sha1-WsGXUTPtYZKB6Ikglz0s0fJ53l8=
    dependencies:
      no-case "^3.0.3"
      tslib "^1.10.0"
  
  path-exists@^2.0.0:
    version "2.1.0"
    resolved "https://registry.npm.taobao.org/path-exists/download/path-exists-2.1.0.tgz#0feb6c64f0fc518d9a754dd5efb62c7022761f4b"
    integrity sha1-D+tsZPD8UY2adU3V77YscCJ2H0s=
    dependencies:
      pinkie-promise "^2.0.0"
  
  path-exists@^3.0.0:
    version "3.0.0"
    resolved "https://registry.npm.taobao.org/path-exists/download/path-exists-3.0.0.tgz#ce0ebeaa5f78cb18925ea7d810d7b59b010fd515"
    integrity sha1-zg6+ql94yxiSXqfYENe1mwEP1RU=
  
  path-is-absolute@^1.0.0:
    version "1.0.1"
    resolved "https://registry.npm.taobao.org/path-is-absolute/download/path-is-absolute-1.0.1.tgz#174b9268735534ffbc7ace6bf53a5a9e1b5c5f5f"
    integrity sha1-F0uSaHNVNP+8es5r9TpanhtcX18=
  
  path-parse@^1.0.6:
    version "1.0.6"
    resolved "https://registry.npm.taobao.org/path-parse/download/path-parse-1.0.6.tgz#d62dbb5679405d72c4737ec58600e9ddcf06d24c"
    integrity sha1-1i27VnlAXXLEc37FhgDp3c8G0kw=
  
  path-type@^1.0.0:
    version "1.1.0"
    resolved "https://registry.npm.taobao.org/path-type/download/path-type-1.1.0.tgz#59c44f7ee491da704da415da5a4070ba4f8fe441"
    integrity sha1-WcRPfuSR2nBNpBXaWkBwuk+P5EE=
    dependencies:
      graceful-fs "^4.1.2"
      pify "^2.0.0"
      pinkie-promise "^2.0.0"
  
  performance-now@^2.1.0:
    version "2.1.0"
    resolved "https://registry.npm.taobao.org/performance-now/download/performance-now-2.1.0.tgz#6309f4e0e5fa913ec1c69307ae364b4b377c9e7b"
    integrity sha1-Ywn04OX6kT7BxpMHrjZLSzd8nns=
  
  pify@^2.0.0:
    version "2.3.0"
    resolved "https://registry.npm.taobao.org/pify/download/pify-2.3.0.tgz?cache=0&sync_timestamp=1593529716831&other_urls=https%3A%2F%2Fregistry.npm.taobao.org%2Fpify%2Fdownload%2Fpify-2.3.0.tgz#ed141a6ac043a849ea588498e7dca8b15330e90c"
    integrity sha1-7RQaasBDqEnqWISY59yosVMw6Qw=
  
  pinkie-promise@^2.0.0:
    version "2.0.1"
    resolved "https://registry.npm.taobao.org/pinkie-promise/download/pinkie-promise-2.0.1.tgz#2135d6dfa7a358c069ac9b178776288228450ffa"
    integrity sha1-ITXW36ejWMBprJsXh3YogihFD/o=
    dependencies:
      pinkie "^2.0.0"
  
  pinkie@^2.0.0:
    version "2.0.4"
    resolved "https://registry.npm.taobao.org/pinkie/download/pinkie-2.0.4.tgz#72556b80cfa0d48a974e80e77248e80ed4f7f870"
    integrity sha1-clVrgM+g1IqXToDnckjoDtT3+HA=
  
  postcss-modules-extract-imports@^2.0.0:
    version "2.0.0"
    resolved "https://registry.npm.taobao.org/postcss-modules-extract-imports/download/postcss-modules-extract-imports-2.0.0.tgz?cache=0&sync_timestamp=1600776069452&other_urls=https%3A%2F%2Fregistry.npm.taobao.org%2Fpostcss-modules-extract-imports%2Fdownload%2Fpostcss-modules-extract-imports-2.0.0.tgz#818719a1ae1da325f9832446b01136eeb493cd7e"
    integrity sha1-gYcZoa4doyX5gyRGsBE27rSTzX4=
    dependencies:
      postcss "^7.0.5"
  
  postcss-modules-local-by-default@^3.0.3:
    version "3.0.3"
    resolved "https://registry.npm.taobao.org/postcss-modules-local-by-default/download/postcss-modules-local-by-default-3.0.3.tgz#bb14e0cc78279d504dbdcbfd7e0ca28993ffbbb0"
    integrity sha1-uxTgzHgnnVBNvcv9fgyiiZP/u7A=
    dependencies:
      icss-utils "^4.1.1"
      postcss "^7.0.32"
      postcss-selector-parser "^6.0.2"
      postcss-value-parser "^4.1.0"
  
  postcss-modules-scope@^2.2.0:
    version "2.2.0"
    resolved "https://registry.npm.taobao.org/postcss-modules-scope/download/postcss-modules-scope-2.2.0.tgz?cache=0&sync_timestamp=1600777991136&other_urls=https%3A%2F%2Fregistry.npm.taobao.org%2Fpostcss-modules-scope%2Fdownload%2Fpostcss-modules-scope-2.2.0.tgz#385cae013cc7743f5a7d7602d1073a89eaae62ee"
    integrity sha1-OFyuATzHdD9afXYC0Qc6iequYu4=
    dependencies:
      postcss "^7.0.6"
      postcss-selector-parser "^6.0.0"
  
  postcss-modules-values@^3.0.0:
    version "3.0.0"
    resolved "https://registry.npm.taobao.org/postcss-modules-values/download/postcss-modules-values-3.0.0.tgz?cache=0&sync_timestamp=1600777158154&other_urls=https%3A%2F%2Fregistry.npm.taobao.org%2Fpostcss-modules-values%2Fdownload%2Fpostcss-modules-values-3.0.0.tgz#5b5000d6ebae29b4255301b4a3a54574423e7f10"
    integrity sha1-W1AA1uuuKbQlUwG0o6VFdEI+fxA=
    dependencies:
      icss-utils "^4.0.0"
      postcss "^7.0.6"
  
  postcss-selector-parser@^6.0.0, postcss-selector-parser@^6.0.2:
    version "6.0.4"
    resolved "https://registry.npm.taobao.org/postcss-selector-parser/download/postcss-selector-parser-6.0.4.tgz?cache=0&sync_timestamp=1601045453664&other_urls=https%3A%2F%2Fregistry.npm.taobao.org%2Fpostcss-selector-parser%2Fdownload%2Fpostcss-selector-parser-6.0.4.tgz#56075a1380a04604c38b063ea7767a129af5c2b3"
    integrity sha1-VgdaE4CgRgTDiwY+p3Z6Epr1wrM=
    dependencies:
      cssesc "^3.0.0"
      indexes-of "^1.0.1"
      uniq "^1.0.1"
      util-deprecate "^1.0.2"
  
  postcss-value-parser@^4.1.0:
    version "4.1.0"
    resolved "https://registry.npm.taobao.org/postcss-value-parser/download/postcss-value-parser-4.1.0.tgz?cache=0&sync_timestamp=1588083303810&other_urls=https%3A%2F%2Fregistry.npm.taobao.org%2Fpostcss-value-parser%2Fdownload%2Fpostcss-value-parser-4.1.0.tgz#443f6a20ced6481a2bda4fa8532a6e55d789a2cb"
    integrity sha1-RD9qIM7WSBor2k+oUypuVdeJoss=
  
  postcss@^7.0.14, postcss@^7.0.32, postcss@^7.0.5, postcss@^7.0.6:
    version "7.0.35"
    resolved "https://registry.npm.taobao.org/postcss/download/postcss-7.0.35.tgz#d2be00b998f7f211d8a276974079f2e92b970e24"
    integrity sha1-0r4AuZj38hHYonaXQHny6SuXDiQ=
    dependencies:
      chalk "^2.4.2"
      source-map "^0.6.1"
      supports-color "^6.1.0"
  
  pretty-error@^2.1.1:
    version "2.1.1"
    resolved "https://registry.npm.taobao.org/pretty-error/download/pretty-error-2.1.1.tgz#5f4f87c8f91e5ae3f3ba87ab4cf5e03b1a17f1a3"
    integrity sha1-X0+HyPkeWuPzuoerTPXgOxoX8aM=
    dependencies:
      renderkid "^2.0.1"
      utila "~0.4"
  
  process-nextick-args@~2.0.0:
    version "2.0.1"
    resolved "https://registry.npm.taobao.org/process-nextick-args/download/process-nextick-args-2.0.1.tgz#7820d9b16120cc55ca9ae7792680ae7dba6d7fe2"
    integrity sha1-eCDZsWEgzFXKmud5JoCufbptf+I=
  
  pseudomap@^1.0.2:
    version "1.0.2"
    resolved "https://registry.npm.taobao.org/pseudomap/download/pseudomap-1.0.2.tgz#f052a28da70e618917ef0a8ac34c1ae5a68286b3"
    integrity sha1-8FKijacOYYkX7wqKw0wa5aaChrM=
  
  psl@^1.1.28:
    version "1.8.0"
    resolved "https://registry.npm.taobao.org/psl/download/psl-1.8.0.tgz#9326f8bcfb013adcc005fdff056acce020e51c24"
    integrity sha1-kyb4vPsBOtzABf3/BWrM4CDlHCQ=
  
  punycode@^2.1.0, punycode@^2.1.1:
    version "2.1.1"
    resolved "https://registry.npm.taobao.org/punycode/download/punycode-2.1.1.tgz#b58b010ac40c22c5657616c8d2c2c02c7bf479ec"
    integrity sha1-tYsBCsQMIsVldhbI0sLALHv0eew=
  
  qs@~6.5.2:
    version "6.5.2"
    resolved "https://registry.npm.taobao.org/qs/download/qs-6.5.2.tgz#cb3ae806e8740444584ef154ce8ee98d403f3e36"
    integrity sha1-yzroBuh0BERYTvFUzo7pjUA/PjY=
  
  read-pkg-up@^1.0.1:
    version "1.0.1"
    resolved "https://registry.npm.taobao.org/read-pkg-up/download/read-pkg-up-1.0.1.tgz#9d63c13276c065918d57f002a57f40a1b643fb02"
    integrity sha1-nWPBMnbAZZGNV/ACpX9AobZD+wI=
    dependencies:
      find-up "^1.0.0"
      read-pkg "^1.0.0"
  
  read-pkg@^1.0.0:
    version "1.1.0"
    resolved "https://registry.npm.taobao.org/read-pkg/download/read-pkg-1.1.0.tgz#f5ffaa5ecd29cb31c0474bca7d756b6bb29e3f28"
    integrity sha1-9f+qXs0pyzHAR0vKfXVra7KePyg=
    dependencies:
      load-json-file "^1.0.0"
      normalize-package-data "^2.3.2"
      path-type "^1.0.0"
  
  readable-stream@^2.0.1, readable-stream@^2.0.6:
    version "2.3.7"
    resolved "https://registry.npm.taobao.org/readable-stream/download/readable-stream-2.3.7.tgz#1eca1cf711aef814c04f62252a36a62f6cb23b57"
    integrity sha1-Hsoc9xGu+BTAT2IlKjamL2yyO1c=
    dependencies:
      core-util-is "~1.0.0"
      inherits "~2.0.3"
      isarray "~1.0.0"
      process-nextick-args "~2.0.0"
      safe-buffer "~5.1.1"
      string_decoder "~1.1.1"
      util-deprecate "~1.0.1"
  
  readable-stream@^3.1.1:
    version "3.6.0"
    resolved "https://registry.npm.taobao.org/readable-stream/download/readable-stream-3.6.0.tgz#337bbda3adc0706bd3e024426a286d4b4b2c9198"
    integrity sha1-M3u9o63AcGvT4CRCaihtS0sskZg=
    dependencies:
      inherits "^2.0.3"
      string_decoder "^1.1.1"
      util-deprecate "^1.0.1"
  
  redent@^1.0.0:
    version "1.0.0"
    resolved "https://registry.npm.taobao.org/redent/download/redent-1.0.0.tgz#cf916ab1fd5f1f16dfb20822dd6ec7f730c2afde"
    integrity sha1-z5Fqsf1fHxbfsggi3W7H9zDCr94=
    dependencies:
      indent-string "^2.1.0"
      strip-indent "^1.0.1"
  
  relateurl@^0.2.7:
    version "0.2.7"
    resolved "https://registry.npm.taobao.org/relateurl/download/relateurl-0.2.7.tgz#54dbf377e51440aca90a4cd274600d3ff2d888a9"
    integrity sha1-VNvzd+UUQKypCkzSdGANP/LYiKk=
  
  renderkid@^2.0.1:
    version "2.0.3"
    resolved "https://registry.npm.taobao.org/renderkid/download/renderkid-2.0.3.tgz#380179c2ff5ae1365c522bf2fcfcff01c5b74149"
    integrity sha1-OAF5wv9a4TZcUivy/Pz/AcW3QUk=
    dependencies:
      css-select "^1.1.0"
      dom-converter "^0.2"
      htmlparser2 "^3.3.0"
      strip-ansi "^3.0.0"
      utila "^0.4.0"
  
  repeating@^2.0.0:
    version "2.0.1"
    resolved "https://registry.npm.taobao.org/repeating/download/repeating-2.0.1.tgz#5214c53a926d3552707527fbab415dbc08d06dda"
    integrity sha1-UhTFOpJtNVJwdSf7q0FdvAjQbdo=
    dependencies:
      is-finite "^1.0.0"
  
  request@^2.87.0, request@^2.88.0:
    version "2.88.2"
    resolved "https://registry.npm.taobao.org/request/download/request-2.88.2.tgz#d73c918731cb5a87da047e207234146f664d12b3"
    integrity sha1-1zyRhzHLWofaBH4gcjQUb2ZNErM=
    dependencies:
      aws-sign2 "~0.7.0"
      aws4 "^1.8.0"
      caseless "~0.12.0"
      combined-stream "~1.0.6"
      extend "~3.0.2"
      forever-agent "~0.6.1"
      form-data "~2.3.2"
      har-validator "~5.1.3"
      http-signature "~1.2.0"
      is-typedarray "~1.0.0"
      isstream "~0.1.2"
      json-stringify-safe "~5.0.1"
      mime-types "~2.1.19"
      oauth-sign "~0.9.0"
      performance-now "^2.1.0"
      qs "~6.5.2"
      safe-buffer "^5.1.2"
      tough-cookie "~2.5.0"
      tunnel-agent "^0.6.0"
      uuid "^3.3.2"
  
  require-directory@^2.1.1:
    version "2.1.1"
    resolved "https://registry.npm.taobao.org/require-directory/download/require-directory-2.1.1.tgz#8c64ad5fd30dab1c976e2344ffe7f792a6a6df42"
    integrity sha1-jGStX9MNqxyXbiNE/+f3kqam30I=
  
  require-main-filename@^2.0.0:
    version "2.0.0"
    resolved "https://registry.npm.taobao.org/require-main-filename/download/require-main-filename-2.0.0.tgz#d0b329ecc7cc0f61649f62215be69af54aa8989b"
    integrity sha1-0LMp7MfMD2Fkn2IhW+aa9UqomJs=
  
  resolve@^1.10.0:
    version "1.17.0"
    resolved "https://registry.npm.taobao.org/resolve/download/resolve-1.17.0.tgz?cache=0&sync_timestamp=1593529717717&other_urls=https%3A%2F%2Fregistry.npm.taobao.org%2Fresolve%2Fdownload%2Fresolve-1.17.0.tgz#b25941b54968231cc2d1bb76a79cb7f2c0bf8444"
    integrity sha1-sllBtUloIxzC0bt2p5y38sC/hEQ=
    dependencies:
      path-parse "^1.0.6"
  
  rimraf@2:
    version "2.7.1"
    resolved "https://registry.npm.taobao.org/rimraf/download/rimraf-2.7.1.tgz?cache=0&sync_timestamp=1587992602190&other_urls=https%3A%2F%2Fregistry.npm.taobao.org%2Frimraf%2Fdownload%2Frimraf-2.7.1.tgz#35797f13a7fdadc566142c29d4f07ccad483e3ec"
    integrity sha1-NXl/E6f9rcVmFCwp1PB8ytSD4+w=
    dependencies:
      glob "^7.1.3"
  
  safe-buffer@^5.0.1, safe-buffer@^5.1.2, safe-buffer@~5.2.0:
    version "5.2.1"
    resolved "https://registry.npm.taobao.org/safe-buffer/download/safe-buffer-5.2.1.tgz#1eaf9fa9bdb1fdd4ec75f58f9cdb4e6b7827eec6"
    integrity sha1-Hq+fqb2x/dTsdfWPnNtOa3gn7sY=
  
  safe-buffer@~5.1.0, safe-buffer@~5.1.1:
    version "5.1.2"
    resolved "https://registry.npm.taobao.org/safe-buffer/download/safe-buffer-5.1.2.tgz#991ec69d296e0313747d59bdfd2b745c35f8828d"
    integrity sha1-mR7GnSluAxN0fVm9/St0XDX4go0=
  
  safer-buffer@^2.0.2, safer-buffer@^2.1.0, safer-buffer@~2.1.0:
    version "2.1.2"
    resolved "https://registry.npm.taobao.org/safer-buffer/download/safer-buffer-2.1.2.tgz#44fa161b0187b9549dd84bb91802f9bd8385cd6a"
    integrity sha1-RPoWGwGHuVSd2Eu5GAL5vYOFzWo=
  
  sass-graph@2.2.5:
    version "2.2.5"
    resolved "https://registry.npm.taobao.org/sass-graph/download/sass-graph-2.2.5.tgz#a981c87446b8319d96dce0671e487879bd24c2e8"
    integrity sha1-qYHIdEa4MZ2W3OBnHkh4eb0kwug=
    dependencies:
      glob "^7.0.0"
      lodash "^4.0.0"
      scss-tokenizer "^0.2.3"
      yargs "^13.3.2"
  
  sass-loader@^10.0.2:
    version "10.0.2"
    resolved "https://registry.npm.taobao.org/sass-loader/download/sass-loader-10.0.2.tgz?cache=0&sync_timestamp=1599138357434&other_urls=https%3A%2F%2Fregistry.npm.taobao.org%2Fsass-loader%2Fdownload%2Fsass-loader-10.0.2.tgz#c7b73010848b264792dd45372eea0b87cba4401e"
    integrity sha1-x7cwEISLJkeS3UU3LuoLh8ukQB4=
    dependencies:
      klona "^2.0.3"
      loader-utils "^2.0.0"
      neo-async "^2.6.2"
      schema-utils "^2.7.1"
      semver "^7.3.2"
  
  schema-utils@^2.6.6, schema-utils@^2.7.1:
    version "2.7.1"
    resolved "https://registry.npm.taobao.org/schema-utils/download/schema-utils-2.7.1.tgz#1ca4f32d1b24c590c203b8e7a50bf0ea4cd394d7"
    integrity sha1-HKTzLRskxZDCA7jnpQvw6kzTlNc=
    dependencies:
      "@types/json-schema" "^7.0.5"
      ajv "^6.12.4"
      ajv-keywords "^3.5.2"
  
  scss-tokenizer@^0.2.3:
    version "0.2.3"
    resolved "https://registry.npm.taobao.org/scss-tokenizer/download/scss-tokenizer-0.2.3.tgz#8eb06db9a9723333824d3f5530641149847ce5d1"
    integrity sha1-jrBtualyMzOCTT9VMGQRSYR85dE=
    dependencies:
      js-base64 "^2.1.8"
      source-map "^0.4.2"
  
  "semver@2 || 3 || 4 || 5":
    version "5.7.1"
    resolved "https://registry.npm.taobao.org/semver/download/semver-5.7.1.tgz#a954f931aeba508d307bbf069eff0c01c96116f7"
    integrity sha1-qVT5Ma66UI0we78Gnv8MAclhFvc=
  
  semver@^7.3.2:
    version "7.3.2"
    resolved "https://registry.npm.taobao.org/semver/download/semver-7.3.2.tgz#604962b052b81ed0786aae84389ffba70ffd3938"
    integrity sha1-YElisFK4HtB4aq6EOJ/7pw/9OTg=
  
  semver@~5.3.0:
    version "5.3.0"
    resolved "https://registry.npm.taobao.org/semver/download/semver-5.3.0.tgz#9b2ce5d3de02d17c6012ad326aa6b4d0cf54f94f"
    integrity sha1-myzl094C0XxgEq0yaqa00M9U+U8=
  
  set-blocking@^2.0.0, set-blocking@~2.0.0:
    version "2.0.0"
    resolved "https://registry.npm.taobao.org/set-blocking/download/set-blocking-2.0.0.tgz#045f9782d011ae9a6803ddd382b24392b3d890f7"
    integrity sha1-BF+XgtARrppoA93TgrJDkrPYkPc=
  
  signal-exit@^3.0.0:
    version "3.0.3"
    resolved "https://registry.npm.taobao.org/signal-exit/download/signal-exit-3.0.3.tgz?cache=0&sync_timestamp=1589682814780&other_urls=https%3A%2F%2Fregistry.npm.taobao.org%2Fsignal-exit%2Fdownload%2Fsignal-exit-3.0.3.tgz#a1410c2edd8f077b08b4e253c8eacfcaf057461c"
    integrity sha1-oUEMLt2PB3sItOJTyOrPyvBXRhw=
  
  source-map-support@~0.5.12:
    version "0.5.19"
    resolved "https://registry.npm.taobao.org/source-map-support/download/source-map-support-0.5.19.tgz#a98b62f86dcaf4f67399648c085291ab9e8fed61"
    integrity sha1-qYti+G3K9PZzmWSMCFKRq56P7WE=
    dependencies:
      buffer-from "^1.0.0"
      source-map "^0.6.0"
  
  source-map@^0.4.2:
    version "0.4.4"
    resolved "https://registry.npm.taobao.org/source-map/download/source-map-0.4.4.tgz?cache=0&sync_timestamp=1589682764497&other_urls=https%3A%2F%2Fregistry.npm.taobao.org%2Fsource-map%2Fdownload%2Fsource-map-0.4.4.tgz#eba4f5da9c0dc999de68032d8b4f76173652036b"
    integrity sha1-66T12pwNyZneaAMti092FzZSA2s=
    dependencies:
      amdefine ">=0.0.4"
  
  source-map@^0.6.0, source-map@^0.6.1, source-map@~0.6.0, source-map@~0.6.1:
    version "0.6.1"
    resolved "https://registry.npm.taobao.org/source-map/download/source-map-0.6.1.tgz?cache=0&sync_timestamp=1589682764497&other_urls=https%3A%2F%2Fregistry.npm.taobao.org%2Fsource-map%2Fdownload%2Fsource-map-0.6.1.tgz#74722af32e9614e9c287a8d0bbde48b5e2f1a263"
    integrity sha1-dHIq8y6WFOnCh6jQu95IteLxomM=
  
  source-map@^0.7.3:
    version "0.7.3"
    resolved "https://registry.npm.taobao.org/source-map/download/source-map-0.7.3.tgz?cache=0&sync_timestamp=1589682764497&other_urls=https%3A%2F%2Fregistry.npm.taobao.org%2Fsource-map%2Fdownload%2Fsource-map-0.7.3.tgz#5302f8169031735226544092e64981f751750383"
    integrity sha1-UwL4FpAxc1ImVECS5kmB91F1A4M=
  
  spdx-correct@^3.0.0:
    version "3.1.1"
    resolved "https://registry.npm.taobao.org/spdx-correct/download/spdx-correct-3.1.1.tgz?cache=0&sync_timestamp=1590189321962&other_urls=https%3A%2F%2Fregistry.npm.taobao.org%2Fspdx-correct%2Fdownload%2Fspdx-correct-3.1.1.tgz#dece81ac9c1e6713e5f7d1b6f17d468fa53d89a9"
    integrity sha1-3s6BrJweZxPl99G28X1Gj6U9iak=
    dependencies:
      spdx-expression-parse "^3.0.0"
      spdx-license-ids "^3.0.0"
  
  spdx-exceptions@^2.1.0:
    version "2.3.0"
    resolved "https://registry.npm.taobao.org/spdx-exceptions/download/spdx-exceptions-2.3.0.tgz#3f28ce1a77a00372683eade4a433183527a2163d"
    integrity sha1-PyjOGnegA3JoPq3kpDMYNSeiFj0=
  
  spdx-expression-parse@^3.0.0:
    version "3.0.1"
    resolved "https://registry.npm.taobao.org/spdx-expression-parse/download/spdx-expression-parse-3.0.1.tgz#cf70f50482eefdc98e3ce0a6833e4a53ceeba679"
    integrity sha1-z3D1BILu/cmOPOCmgz5KU87rpnk=
    dependencies:
      spdx-exceptions "^2.1.0"
      spdx-license-ids "^3.0.0"
  
  spdx-license-ids@^3.0.0:
    version "3.0.6"
    resolved "https://registry.npm.taobao.org/spdx-license-ids/download/spdx-license-ids-3.0.6.tgz#c80757383c28abf7296744998cbc106ae8b854ce"
    integrity sha1-yAdXODwoq/cpZ0SZjLwQaui4VM4=
  
  sshpk@^1.7.0:
    version "1.16.1"
    resolved "https://registry.npm.taobao.org/sshpk/download/sshpk-1.16.1.tgz#fb661c0bef29b39db40769ee39fa70093d6f6877"
    integrity sha1-+2YcC+8ps520B2nuOfpwCT1vaHc=
    dependencies:
      asn1 "~0.2.3"
      assert-plus "^1.0.0"
      bcrypt-pbkdf "^1.0.0"
      dashdash "^1.12.0"
      ecc-jsbn "~0.1.1"
      getpass "^0.1.1"
      jsbn "~0.1.0"
      safer-buffer "^2.0.2"
      tweetnacl "~0.14.0"
  
  stdout-stream@^1.4.0:
    version "1.4.1"
    resolved "https://registry.npm.taobao.org/stdout-stream/download/stdout-stream-1.4.1.tgz#5ac174cdd5cd726104aa0c0b2bd83815d8d535de"
    integrity sha1-WsF0zdXNcmEEqgwLK9g4FdjVNd4=
    dependencies:
      readable-stream "^2.0.1"
  
  string-width@^1.0.1:
    version "1.0.2"
    resolved "https://registry.npm.taobao.org/string-width/download/string-width-1.0.2.tgz#118bdf5b8cdc51a2a7e70d211e07e2b0b9b107d3"
    integrity sha1-EYvfW4zcUaKn5w0hHgfisLmxB9M=
    dependencies:
      code-point-at "^1.0.0"
      is-fullwidth-code-point "^1.0.0"
      strip-ansi "^3.0.0"
  
  "string-width@^1.0.2 || 2":
    version "2.1.1"
    resolved "https://registry.npm.taobao.org/string-width/download/string-width-2.1.1.tgz#ab93f27a8dc13d28cac815c462143a6d9012ae9e"
    integrity sha1-q5Pyeo3BPSjKyBXEYhQ6bZASrp4=
    dependencies:
      is-fullwidth-code-point "^2.0.0"
      strip-ansi "^4.0.0"
  
  string-width@^3.0.0, string-width@^3.1.0:
    version "3.1.0"
    resolved "https://registry.npm.taobao.org/string-width/download/string-width-3.1.0.tgz#22767be21b62af1081574306f69ac51b62203961"
    integrity sha1-InZ74htirxCBV0MG9prFG2IgOWE=
    dependencies:
      emoji-regex "^7.0.1"
      is-fullwidth-code-point "^2.0.0"
      strip-ansi "^5.1.0"
  
  string.prototype.trimend@^1.0.1:
    version "1.0.1"
    resolved "https://registry.npm.taobao.org/string.prototype.trimend/download/string.prototype.trimend-1.0.1.tgz#85812a6b847ac002270f5808146064c995fb6913"
    integrity sha1-hYEqa4R6wAInD1gIFGBkyZX7aRM=
    dependencies:
      define-properties "^1.1.3"
      es-abstract "^1.17.5"
  
  string.prototype.trimstart@^1.0.1:
    version "1.0.1"
    resolved "https://registry.npm.taobao.org/string.prototype.trimstart/download/string.prototype.trimstart-1.0.1.tgz?cache=0&sync_timestamp=1586465413621&other_urls=https%3A%2F%2Fregistry.npm.taobao.org%2Fstring.prototype.trimstart%2Fdownload%2Fstring.prototype.trimstart-1.0.1.tgz#14af6d9f34b053f7cfc89b72f8f2ee14b9039a54"
    integrity sha1-FK9tnzSwU/fPyJty+PLuFLkDmlQ=
    dependencies:
      define-properties "^1.1.3"
      es-abstract "^1.17.5"
  
  string_decoder@^1.1.1:
    version "1.3.0"
    resolved "https://registry.npm.taobao.org/string_decoder/download/string_decoder-1.3.0.tgz#42f114594a46cf1a8e30b0a84f56c78c3edac21e"
    integrity sha1-QvEUWUpGzxqOMLCoT1bHjD7awh4=
    dependencies:
      safe-buffer "~5.2.0"
  
  string_decoder@~1.1.1:
    version "1.1.1"
    resolved "https://registry.npm.taobao.org/string_decoder/download/string_decoder-1.1.1.tgz#9cf1611ba62685d7030ae9e4ba34149c3af03fc8"
    integrity sha1-nPFhG6YmhdcDCunkujQUnDrwP8g=
    dependencies:
      safe-buffer "~5.1.0"
  
  strip-ansi@^3.0.0, strip-ansi@^3.0.1:
    version "3.0.1"
    resolved "https://registry.npm.taobao.org/strip-ansi/download/strip-ansi-3.0.1.tgz#6a385fb8853d952d5ff05d0e8aaf94278dc63dcf"
    integrity sha1-ajhfuIU9lS1f8F0Oiq+UJ43GPc8=
    dependencies:
      ansi-regex "^2.0.0"
  
  strip-ansi@^4.0.0:
    version "4.0.0"
    resolved "https://registry.npm.taobao.org/strip-ansi/download/strip-ansi-4.0.0.tgz#a8479022eb1ac368a871389b635262c505ee368f"
    integrity sha1-qEeQIusaw2iocTibY1JixQXuNo8=
    dependencies:
      ansi-regex "^3.0.0"
  
  strip-ansi@^5.0.0, strip-ansi@^5.1.0, strip-ansi@^5.2.0:
    version "5.2.0"
    resolved "https://registry.npm.taobao.org/strip-ansi/download/strip-ansi-5.2.0.tgz#8c9a536feb6afc962bdfa5b104a5091c1ad9c0ae"
    integrity sha1-jJpTb+tq/JYr36WxBKUJHBrZwK4=
    dependencies:
      ansi-regex "^4.1.0"
  
  strip-bom@^2.0.0:
    version "2.0.0"
    resolved "https://registry.npm.taobao.org/strip-bom/download/strip-bom-2.0.0.tgz#6219a85616520491f35788bdbf1447a99c7e6b0e"
    integrity sha1-YhmoVhZSBJHzV4i9vxRHqZx+aw4=
    dependencies:
      is-utf8 "^0.2.0"
  
  strip-indent@^1.0.1:
    version "1.0.1"
    resolved "https://registry.npm.taobao.org/strip-indent/download/strip-indent-1.0.1.tgz#0c7962a6adefa7bbd4ac366460a638552ae1a0a2"
    integrity sha1-DHlipq3vp7vUrDZkYKY4VSrhoKI=
    dependencies:
      get-stdin "^4.0.1"
  
  style-loader@^1.2.1:
    version "1.2.1"
    resolved "https://registry.npm.taobao.org/style-loader/download/style-loader-1.2.1.tgz#c5cbbfbf1170d076cfdd86e0109c5bba114baa1a"
    integrity sha1-xcu/vxFw0HbP3YbgEJxbuhFLqho=
    dependencies:
      loader-utils "^2.0.0"
      schema-utils "^2.6.6"
  
  supports-color@^2.0.0:
    version "2.0.0"
    resolved "https://registry.npm.taobao.org/supports-color/download/supports-color-2.0.0.tgz?cache=0&sync_timestamp=1598611725516&other_urls=https%3A%2F%2Fregistry.npm.taobao.org%2Fsupports-color%2Fdownload%2Fsupports-color-2.0.0.tgz#535d045ce6b6363fa40117084629995e9df324c7"
    integrity sha1-U10EXOa2Nj+kARcIRimZXp3zJMc=
  
  supports-color@^5.3.0:
    version "5.5.0"
    resolved "https://registry.npm.taobao.org/supports-color/download/supports-color-5.5.0.tgz?cache=0&sync_timestamp=1598611725516&other_urls=https%3A%2F%2Fregistry.npm.taobao.org%2Fsupports-color%2Fdownload%2Fsupports-color-5.5.0.tgz#e2e69a44ac8772f78a1ec0b35b689df6530efc8f"
    integrity sha1-4uaaRKyHcveKHsCzW2id9lMO/I8=
    dependencies:
      has-flag "^3.0.0"
  
  supports-color@^6.1.0:
    version "6.1.0"
    resolved "https://registry.npm.taobao.org/supports-color/download/supports-color-6.1.0.tgz?cache=0&sync_timestamp=1598611725516&other_urls=https%3A%2F%2Fregistry.npm.taobao.org%2Fsupports-color%2Fdownload%2Fsupports-color-6.1.0.tgz#0764abc69c63d5ac842dd4867e8d025e880df8f3"
    integrity sha1-B2Srxpxj1ayELdSGfo0CXogN+PM=
    dependencies:
      has-flag "^3.0.0"
  
  tapable@^1.1.3:
    version "1.1.3"
    resolved "https://registry.npm.taobao.org/tapable/download/tapable-1.1.3.tgz?cache=0&sync_timestamp=1600381508584&other_urls=https%3A%2F%2Fregistry.npm.taobao.org%2Ftapable%2Fdownload%2Ftapable-1.1.3.tgz#a1fccc06b58db61fd7a45da2da44f5f3a3e67ba2"
    integrity sha1-ofzMBrWNth/XpF2i2kT186Pme6I=
  
  tar@^2.0.0:
    version "2.2.2"
    resolved "https://registry.npm.taobao.org/tar/download/tar-2.2.2.tgz?cache=0&other_urls=https%3A%2F%2Fregistry.npm.taobao.org%2Ftar%2Fdownload%2Ftar-2.2.2.tgz#0ca8848562c7299b8b446ff6a4d60cdbb23edc40"
    integrity sha1-DKiEhWLHKZuLRG/2pNYM27I+3EA=
    dependencies:
      block-stream "*"
      fstream "^1.0.12"
      inherits "2"
  
  terser@^4.6.3:
    version "4.8.0"
    resolved "https://registry.npm.taobao.org/terser/download/terser-4.8.0.tgz?cache=0&sync_timestamp=1601291976928&other_urls=https%3A%2F%2Fregistry.npm.taobao.org%2Fterser%2Fdownload%2Fterser-4.8.0.tgz#63056343d7c70bb29f3af665865a46fe03a0df17"
    integrity sha1-YwVjQ9fHC7KfOvZlhlpG/gOg3xc=
    dependencies:
      commander "^2.20.0"
      source-map "~0.6.1"
      source-map-support "~0.5.12"
  
  tough-cookie@~2.5.0:
    version "2.5.0"
    resolved "https://registry.npm.taobao.org/tough-cookie/download/tough-cookie-2.5.0.tgz#cd9fb2a0aa1d5a12b473bd9fb96fa3dcff65ade2"
    integrity sha1-zZ+yoKodWhK0c72fuW+j3P9lreI=
    dependencies:
      psl "^1.1.28"
      punycode "^2.1.1"
  
  trim-newlines@^1.0.0:
    version "1.0.0"
    resolved "https://registry.npm.taobao.org/trim-newlines/download/trim-newlines-1.0.0.tgz#5887966bb582a4503a41eb524f7d35011815a613"
    integrity sha1-WIeWa7WCpFA6QetST301ARgVphM=
  
  "true-case-path@^1.0.2":
    version "1.0.3"
    resolved "https://registry.npm.taobao.org/true-case-path/download/true-case-path-1.0.3.tgz#f813b5a8c86b40da59606722b144e3225799f47d"
    integrity sha1-+BO1qMhrQNpZYGcisUTjIleZ9H0=
    dependencies:
      glob "^7.1.2"
  
  tslib@^1.10.0:
    version "1.13.0"
    resolved "https://registry.npm.taobao.org/tslib/download/tslib-1.13.0.tgz?cache=0&sync_timestamp=1596754937440&other_urls=https%3A%2F%2Fregistry.npm.taobao.org%2Ftslib%2Fdownload%2Ftslib-1.13.0.tgz#c881e13cc7015894ed914862d276436fa9a47043"
    integrity sha1-yIHhPMcBWJTtkUhi0nZDb6mkcEM=
  
  tunnel-agent@^0.6.0:
    version "0.6.0"
    resolved "https://registry.npm.taobao.org/tunnel-agent/download/tunnel-agent-0.6.0.tgz#27a5dea06b36b04a0a9966774b290868f0fc40fd"
    integrity sha1-J6XeoGs2sEoKmWZ3SykIaPD8QP0=
    dependencies:
      safe-buffer "^5.0.1"
  
  tweetnacl@^0.14.3, tweetnacl@~0.14.0:
    version "0.14.5"
    resolved "https://registry.npm.taobao.org/tweetnacl/download/tweetnacl-0.14.5.tgz#5ae68177f192d4456269d108afa93ff8743f4f64"
    integrity sha1-WuaBd/GS1EViadEIr6k/+HQ/T2Q=
  
  uniq@^1.0.1:
    version "1.0.1"
    resolved "https://registry.npm.taobao.org/uniq/download/uniq-1.0.1.tgz#b31c5ae8254844a3a8281541ce2b04b865a734ff"
    integrity sha1-sxxa6CVIRKOoKBVBzisEuGWnNP8=
  
  uri-js@^4.2.2:
    version "4.4.0"
    resolved "https://registry.npm.taobao.org/uri-js/download/uri-js-4.4.0.tgz#aa714261de793e8a82347a7bcc9ce74e86f28602"
    integrity sha1-qnFCYd55PoqCNHp7zJznTobyhgI=
    dependencies:
      punycode "^2.1.0"
  
  util-deprecate@^1.0.1, util-deprecate@^1.0.2, util-deprecate@~1.0.1:
    version "1.0.2"
    resolved "https://registry.npm.taobao.org/util-deprecate/download/util-deprecate-1.0.2.tgz#450d4dc9fa70de732762fbd2d4a28981419a0ccf"
    integrity sha1-RQ1Nyfpw3nMnYvvS1KKJgUGaDM8=
  
  util.promisify@1.0.0:
    version "1.0.0"
    resolved "https://registry.npm.taobao.org/util.promisify/download/util.promisify-1.0.0.tgz#440f7165a459c9a16dc145eb8e72f35687097030"
    integrity sha1-RA9xZaRZyaFtwUXrjnLzVocJcDA=
    dependencies:
      define-properties "^1.1.2"
      object.getownpropertydescriptors "^2.0.3"
  
  utila@^0.4.0, utila@~0.4:
    version "0.4.0"
    resolved "https://registry.npm.taobao.org/utila/download/utila-0.4.0.tgz#8a16a05d445657a3aea5eecc5b12a4fa5379772c"
    integrity sha1-ihagXURWV6Oupe7MWxKk+lN5dyw=
  
  uuid@^3.3.2:
    version "3.4.0"
    resolved "https://registry.npm.taobao.org/uuid/download/uuid-3.4.0.tgz?cache=0&sync_timestamp=1595885054555&other_urls=https%3A%2F%2Fregistry.npm.taobao.org%2Fuuid%2Fdownload%2Fuuid-3.4.0.tgz#b23e4358afa8a202fe7a100af1f5f883f02007ee"
    integrity sha1-sj5DWK+oogL+ehAK8fX4g/AgB+4=
  
  validate-npm-package-license@^3.0.1:
    version "3.0.4"
    resolved "https://registry.npm.taobao.org/validate-npm-package-license/download/validate-npm-package-license-3.0.4.tgz#fc91f6b9c7ba15c857f4cb2c5defeec39d4f410a"
    integrity sha1-/JH2uce6FchX9MssXe/uw51PQQo=
    dependencies:
      spdx-correct "^3.0.0"
      spdx-expression-parse "^3.0.0"
  
  verror@1.10.0:
    version "1.10.0"
    resolved "https://registry.npm.taobao.org/verror/download/verror-1.10.0.tgz#3a105ca17053af55d6e270c1f8288682e18da400"
    integrity sha1-OhBcoXBTr1XW4nDB+CiGguGNpAA=
    dependencies:
      assert-plus "^1.0.0"
      core-util-is "1.0.2"
      extsprintf "^1.2.0"
  
  which-module@^2.0.0:
    version "2.0.0"
    resolved "https://registry.npm.taobao.org/which-module/download/which-module-2.0.0.tgz#d9ef07dce77b9902b8a3a8fa4b31c3e3f7e6e87a"
    integrity sha1-2e8H3Od7mQK4o6j6SzHD4/fm6Ho=
  
  which@1, which@^1.2.9:
    version "1.3.1"
    resolved "https://registry.npm.taobao.org/which/download/which-1.3.1.tgz#a45043d54f5805316da8d62f9f50918d3da70b0a"
    integrity sha1-pFBD1U9YBTFtqNYvn1CRjT2nCwo=
    dependencies:
      isexe "^2.0.0"
  
  wide-align@^1.1.0:
    version "1.1.3"
    resolved "https://registry.npm.taobao.org/wide-align/download/wide-align-1.1.3.tgz#ae074e6bdc0c14a431e804e624549c633b000457"
    integrity sha1-rgdOa9wMFKQx6ATmJFScYzsABFc=
    dependencies:
      string-width "^1.0.2 || 2"
  
  wrap-ansi@^5.1.0:
    version "5.1.0"
    resolved "https://registry.npm.taobao.org/wrap-ansi/download/wrap-ansi-5.1.0.tgz#1fd1f67235d5b6d0fee781056001bfb694c03b09"
    integrity sha1-H9H2cjXVttD+54EFYAG/tpTAOwk=
    dependencies:
      ansi-styles "^3.2.0"
      string-width "^3.0.0"
      strip-ansi "^5.0.0"
  
  wrappy@1:
    version "1.0.2"
    resolved "https://registry.npm.taobao.org/wrappy/download/wrappy-1.0.2.tgz#b5243d8f3ec1aa35f1364605bc0d1036e30ab69f"
    integrity sha1-tSQ9jz7BqjXxNkYFvA0QNuMKtp8=
  
  y18n@^4.0.0:
    version "4.0.0"
    resolved "https://registry.npm.taobao.org/y18n/download/y18n-4.0.0.tgz?cache=0&sync_timestamp=1599868331302&other_urls=https%3A%2F%2Fregistry.npm.taobao.org%2Fy18n%2Fdownload%2Fy18n-4.0.0.tgz#95ef94f85ecc81d007c264e190a120f0a3c8566b"
    integrity sha1-le+U+F7MgdAHwmThkKEg8KPIVms=
  
  yallist@^2.1.2:
    version "2.1.2"
    resolved "https://registry.npm.taobao.org/yallist/download/yallist-2.1.2.tgz#1c11f9218f076089a47dd512f93c6699a6a81d52"
    integrity sha1-HBH5IY8HYImkfdUS+TxmmaaoHVI=
  
  yargs-parser@^13.1.2:
    version "13.1.2"
    resolved "https://registry.npm.taobao.org/yargs-parser/download/yargs-parser-13.1.2.tgz?cache=0&sync_timestamp=1600655171327&other_urls=https%3A%2F%2Fregistry.npm.taobao.org%2Fyargs-parser%2Fdownload%2Fyargs-parser-13.1.2.tgz#130f09702ebaeef2650d54ce6e3e5706f7a4fb38"
    integrity sha1-Ew8JcC667vJlDVTObj5XBvek+zg=
    dependencies:
      camelcase "^5.0.0"
      decamelize "^1.2.0"
  
  yargs@^13.3.2:
    version "13.3.2"
    resolved "https://registry.npm.taobao.org/yargs/download/yargs-13.3.2.tgz?cache=0&sync_timestamp=1600660094628&other_urls=https%3A%2F%2Fregistry.npm.taobao.org%2Fyargs%2Fdownload%2Fyargs-13.3.2.tgz#ad7ffefec1aa59565ac915f82dccb38a9c31a2dd"
    integrity sha1-rX/+/sGqWVZayRX4Lcyzipwxot0=
    dependencies:
      cliui "^5.0.0"
      find-up "^3.0.0"
      get-caller-file "^2.0.1"
      require-directory "^2.1.1"
      require-main-filename "^2.0.0"
      set-blocking "^2.0.0"
      string-width "^3.0.0"
      which-module "^2.0.0"
      y18n "^4.0.0"
      yargs-parser "^13.1.2"
